{"/Users/nathalieluna/web-dev/recipe-box/server.js": {"path":"/Users/nathalieluna/web-dev/recipe-box/server.js","statementMap":{"0":{"start":{"line":1,"column":16},"end":{"line":1,"column":34}},"1":{"start":{"line":3,"column":15},"end":{"line":3,"column":34}},"2":{"start":{"line":5,"column":15},"end":{"line":5,"column":24}},"3":{"start":{"line":6,"column":0},"end":{"line":6,"column":27}},"4":{"start":{"line":8,"column":0},"end":{"line":8,"column":19}},"5":{"start":{"line":10,"column":0},"end":{"line":10,"column":24}}},"fnMap":{},"branchMap":{},"s":{"0":3,"1":3,"2":3,"3":3,"4":3,"5":3},"f":{},"b":{},"_coverageSchema":"1a1c01bbd47fc00a2c39e90264f33305004495a9","hash":"dbad46155d90a0c1cdedbd9d86c3dfac5f9bb75c"}
,"/Users/nathalieluna/web-dev/recipe-box/test-utils.js": {"path":"/Users/nathalieluna/web-dev/recipe-box/test-utils.js","statementMap":{"0":{"start":{"line":1,"column":17},"end":{"line":1,"column":36}},"1":{"start":{"line":2,"column":15},"end":{"line":2,"column":128}},"2":{"start":{"line":4,"column":0},"end":{"line":4,"column":20}},"3":{"start":{"line":6,"column":0},"end":{"line":9,"column":1}},"4":{"start":{"line":7,"column":2},"end":{"line":7,"column":52}},"5":{"start":{"line":8,"column":2},"end":{"line":8,"column":54}},"6":{"start":{"line":8,"column":36},"end":{"line":8,"column":51}},"7":{"start":{"line":11,"column":0},"end":{"line":13,"column":1}},"8":{"start":{"line":12,"column":2},"end":{"line":12,"column":30}},"9":{"start":{"line":15,"column":0},"end":{"line":17,"column":1}},"10":{"start":{"line":16,"column":2},"end":{"line":16,"column":60}},"11":{"start":{"line":16,"column":40},"end":{"line":16,"column":58}}},"fnMap":{"0":{"name":"(anonymous_0)","decl":{"start":{"line":6,"column":27},"end":{"line":6,"column":28}},"loc":{"start":{"line":6,"column":39},"end":{"line":9,"column":1}},"line":6},"1":{"name":"(anonymous_1)","decl":{"start":{"line":8,"column":31},"end":{"line":8,"column":32}},"loc":{"start":{"line":8,"column":36},"end":{"line":8,"column":51}},"line":8},"2":{"name":"(anonymous_2)","decl":{"start":{"line":11,"column":24},"end":{"line":11,"column":25}},"loc":{"start":{"line":11,"column":36},"end":{"line":13,"column":1}},"line":11},"3":{"name":"(anonymous_3)","decl":{"start":{"line":15,"column":25},"end":{"line":15,"column":26}},"loc":{"start":{"line":15,"column":37},"end":{"line":17,"column":1}},"line":15},"4":{"name":"(anonymous_4)","decl":{"start":{"line":16,"column":31},"end":{"line":16,"column":32}},"loc":{"start":{"line":16,"column":40},"end":{"line":16,"column":58}},"line":16}},"branchMap":{},"s":{"0":3,"1":3,"2":3,"3":3,"4":3,"5":3,"6":12,"7":3,"8":3,"9":3,"10":82,"11":328},"f":{"0":3,"1":12,"2":3,"3":82,"4":328},"b":{},"_coverageSchema":"1a1c01bbd47fc00a2c39e90264f33305004495a9","hash":"0e7a519deed79d86564abc4814439fea460b7295"}
,"/Users/nathalieluna/web-dev/recipe-box/daos/ingredient.js": {"path":"/Users/nathalieluna/web-dev/recipe-box/daos/ingredient.js","statementMap":{"0":{"start":{"line":1,"column":19},"end":{"line":1,"column":50}},"1":{"start":{"line":3,"column":0},"end":{"line":3,"column":20}},"2":{"start":{"line":6,"column":0},"end":{"line":8,"column":1}},"3":{"start":{"line":7,"column":4},"end":{"line":7,"column":50}},"4":{"start":{"line":11,"column":0},"end":{"line":13,"column":1}},"5":{"start":{"line":12,"column":4},"end":{"line":12,"column":57}},"6":{"start":{"line":16,"column":0},"end":{"line":26,"column":1}},"7":{"start":{"line":17,"column":4},"end":{"line":17,"column":67}},"8":{"start":{"line":29,"column":0},"end":{"line":31,"column":1}},"9":{"start":{"line":30,"column":4},"end":{"line":30,"column":42}}},"fnMap":{"0":{"name":"(anonymous_0)","decl":{"start":{"line":6,"column":34},"end":{"line":6,"column":35}},"loc":{"start":{"line":6,"column":59},"end":{"line":8,"column":1}},"line":6},"1":{"name":"(anonymous_1)","decl":{"start":{"line":11,"column":26},"end":{"line":11,"column":27}},"loc":{"start":{"line":11,"column":50},"end":{"line":13,"column":1}},"line":11},"2":{"name":"(anonymous_2)","decl":{"start":{"line":16,"column":28},"end":{"line":16,"column":29}},"loc":{"start":{"line":16,"column":54},"end":{"line":26,"column":1}},"line":16},"3":{"name":"(anonymous_3)","decl":{"start":{"line":29,"column":24},"end":{"line":29,"column":25}},"loc":{"start":{"line":29,"column":36},"end":{"line":31,"column":1}},"line":29}},"branchMap":{},"s":{"0":3,"1":3,"2":3,"3":100,"4":3,"5":24,"6":3,"7":107,"8":3,"9":0},"f":{"0":100,"1":24,"2":107,"3":0},"b":{},"_coverageSchema":"1a1c01bbd47fc00a2c39e90264f33305004495a9","hash":"05516221d1087318c3c5cc71817dce38f199dccf"}
,"/Users/nathalieluna/web-dev/recipe-box/daos/recipe.js": {"path":"/Users/nathalieluna/web-dev/recipe-box/daos/recipe.js","statementMap":{"0":{"start":{"line":1,"column":15},"end":{"line":1,"column":42}},"1":{"start":{"line":2,"column":0},"end":{"line":2,"column":20}},"2":{"start":{"line":5,"column":0},"end":{"line":7,"column":1}},"3":{"start":{"line":6,"column":4},"end":{"line":6,"column":42}},"4":{"start":{"line":10,"column":0},"end":{"line":13,"column":1}},"5":{"start":{"line":11,"column":24},"end":{"line":11,"column":43}},"6":{"start":{"line":12,"column":4},"end":{"line":12,"column":23}},"7":{"start":{"line":16,"column":0},"end":{"line":19,"column":1}},"8":{"start":{"line":17,"column":24},"end":{"line":17,"column":51}},"9":{"start":{"line":18,"column":4},"end":{"line":18,"column":23}},"10":{"start":{"line":22,"column":0},"end":{"line":24,"column":1}},"11":{"start":{"line":23,"column":4},"end":{"line":23,"column":58}},"12":{"start":{"line":27,"column":0},"end":{"line":29,"column":1}},"13":{"start":{"line":28,"column":4},"end":{"line":28,"column":48}},"14":{"start":{"line":32,"column":0},"end":{"line":37,"column":1}},"15":{"start":{"line":33,"column":4},"end":{"line":36,"column":53}},"16":{"start":{"line":44,"column":0},"end":{"line":46,"column":1}},"17":{"start":{"line":45,"column":4},"end":{"line":45,"column":62}},"18":{"start":{"line":49,"column":0},"end":{"line":51,"column":1}},"19":{"start":{"line":50,"column":4},"end":{"line":50,"column":53}}},"fnMap":{"0":{"name":"(anonymous_0)","decl":{"start":{"line":5,"column":30},"end":{"line":5,"column":31}},"loc":{"start":{"line":5,"column":51},"end":{"line":7,"column":1}},"line":5},"1":{"name":"(anonymous_1)","decl":{"start":{"line":10,"column":24},"end":{"line":10,"column":25}},"loc":{"start":{"line":10,"column":36},"end":{"line":13,"column":1}},"line":10},"2":{"name":"(anonymous_2)","decl":{"start":{"line":16,"column":29},"end":{"line":16,"column":30}},"loc":{"start":{"line":16,"column":47},"end":{"line":19,"column":1}},"line":16},"3":{"name":"(anonymous_3)","decl":{"start":{"line":22,"column":25},"end":{"line":22,"column":26}},"loc":{"start":{"line":22,"column":45},"end":{"line":24,"column":1}},"line":22},"4":{"name":"(anonymous_4)","decl":{"start":{"line":27,"column":29},"end":{"line":27,"column":30}},"loc":{"start":{"line":27,"column":46},"end":{"line":29,"column":1}},"line":27},"5":{"name":"(anonymous_5)","decl":{"start":{"line":32,"column":28},"end":{"line":32,"column":29}},"loc":{"start":{"line":32,"column":50},"end":{"line":37,"column":1}},"line":32},"6":{"name":"(anonymous_6)","decl":{"start":{"line":44,"column":28},"end":{"line":44,"column":29}},"loc":{"start":{"line":44,"column":59},"end":{"line":46,"column":1}},"line":44},"7":{"name":"(anonymous_7)","decl":{"start":{"line":49,"column":28},"end":{"line":49,"column":29}},"loc":{"start":{"line":49,"column":48},"end":{"line":51,"column":1}},"line":49}},"branchMap":{},"s":{"0":3,"1":3,"2":3,"3":47,"4":3,"5":2,"6":2,"7":3,"8":2,"9":2,"10":3,"11":5,"12":3,"13":48,"14":3,"15":3,"16":3,"17":1,"18":3,"19":2},"f":{"0":47,"1":2,"2":2,"3":5,"4":48,"5":3,"6":1,"7":2},"b":{},"_coverageSchema":"1a1c01bbd47fc00a2c39e90264f33305004495a9","hash":"9fd3cc8aa66397210c6fd40d03ad67910262eb1b"}
,"/Users/nathalieluna/web-dev/recipe-box/daos/token.js": {"path":"/Users/nathalieluna/web-dev/recipe-box/daos/token.js","statementMap":{"0":{"start":{"line":1,"column":14},"end":{"line":1,"column":40}},"1":{"start":{"line":2,"column":13},"end":{"line":2,"column":28}},"2":{"start":{"line":4,"column":0},"end":{"line":4,"column":20}},"3":{"start":{"line":7,"column":0},"end":{"line":15,"column":1}},"4":{"start":{"line":10,"column":18},"end":{"line":10,"column":27}},"5":{"start":{"line":13,"column":21},"end":{"line":13,"column":56}},"6":{"start":{"line":14,"column":4},"end":{"line":14,"column":26}},"7":{"start":{"line":18,"column":0},"end":{"line":25,"column":1}},"8":{"start":{"line":21,"column":23},"end":{"line":21,"column":51}},"9":{"start":{"line":24,"column":4},"end":{"line":24,"column":29}},"10":{"start":{"line":28,"column":0},"end":{"line":30,"column":1}},"11":{"start":{"line":29,"column":4},"end":{"line":29,"column":42}}},"fnMap":{"0":{"name":"(anonymous_0)","decl":{"start":{"line":7,"column":36},"end":{"line":7,"column":37}},"loc":{"start":{"line":7,"column":54},"end":{"line":15,"column":1}},"line":7},"1":{"name":"(anonymous_1)","decl":{"start":{"line":18,"column":36},"end":{"line":18,"column":37}},"loc":{"start":{"line":18,"column":53},"end":{"line":25,"column":1}},"line":18},"2":{"name":"(anonymous_2)","decl":{"start":{"line":28,"column":29},"end":{"line":28,"column":30}},"loc":{"start":{"line":28,"column":46},"end":{"line":30,"column":1}},"line":28}},"branchMap":{},"s":{"0":3,"1":3,"2":3,"3":3,"4":68,"5":68,"6":68,"7":3,"8":75,"9":75,"10":3,"11":1},"f":{"0":68,"1":75,"2":1},"b":{},"_coverageSchema":"1a1c01bbd47fc00a2c39e90264f33305004495a9","hash":"efa78de4639c36c267087ed26b4f6b577fc63e3f"}
,"/Users/nathalieluna/web-dev/recipe-box/daos/user.js": {"path":"/Users/nathalieluna/web-dev/recipe-box/daos/user.js","statementMap":{"0":{"start":{"line":1,"column":13},"end":{"line":1,"column":38}},"1":{"start":{"line":2,"column":15},"end":{"line":2,"column":42}},"2":{"start":{"line":3,"column":19},"end":{"line":3,"column":50}},"3":{"start":{"line":4,"column":30},"end":{"line":4,"column":49}},"4":{"start":{"line":6,"column":0},"end":{"line":6,"column":20}},"5":{"start":{"line":9,"column":0},"end":{"line":11,"column":1}},"6":{"start":{"line":10,"column":4},"end":{"line":10,"column":38}},"7":{"start":{"line":14,"column":0},"end":{"line":16,"column":1}},"8":{"start":{"line":15,"column":4},"end":{"line":15,"column":46}},"9":{"start":{"line":19,"column":0},"end":{"line":21,"column":1}},"10":{"start":{"line":20,"column":4},"end":{"line":20,"column":53}},"11":{"start":{"line":24,"column":0},"end":{"line":26,"column":1}},"12":{"start":{"line":25,"column":4},"end":{"line":25,"column":54}},"13":{"start":{"line":29,"column":0},"end":{"line":53,"column":1}},"14":{"start":{"line":30,"column":4},"end":{"line":52,"column":7}},"15":{"start":{"line":56,"column":0},"end":{"line":71,"column":1}},"16":{"start":{"line":57,"column":4},"end":{"line":70,"column":3}},"17":{"start":{"line":74,"column":0},"end":{"line":83,"column":1}},"18":{"start":{"line":76,"column":4},"end":{"line":82,"column":5}},"19":{"start":{"line":77,"column":8},"end":{"line":77,"column":20}},"20":{"start":{"line":81,"column":8},"end":{"line":81,"column":115}},"21":{"start":{"line":86,"column":0},"end":{"line":94,"column":1}},"22":{"start":{"line":87,"column":4},"end":{"line":93,"column":5}},"23":{"start":{"line":88,"column":8},"end":{"line":88,"column":20}},"24":{"start":{"line":92,"column":8},"end":{"line":92,"column":114}},"25":{"start":{"line":97,"column":0},"end":{"line":99,"column":1}},"26":{"start":{"line":98,"column":4},"end":{"line":98,"column":74}}},"fnMap":{"0":{"name":"(anonymous_0)","decl":{"start":{"line":9,"column":28},"end":{"line":9,"column":29}},"loc":{"start":{"line":9,"column":47},"end":{"line":11,"column":1}},"line":9},"1":{"name":"(anonymous_1)","decl":{"start":{"line":14,"column":25},"end":{"line":14,"column":26}},"loc":{"start":{"line":14,"column":42},"end":{"line":16,"column":1}},"line":14},"2":{"name":"(anonymous_2)","decl":{"start":{"line":19,"column":36},"end":{"line":19,"column":37}},"loc":{"start":{"line":19,"column":63},"end":{"line":21,"column":1}},"line":19},"3":{"name":"(anonymous_3)","decl":{"start":{"line":24,"column":28},"end":{"line":24,"column":29}},"loc":{"start":{"line":24,"column":46},"end":{"line":26,"column":1}},"line":24},"4":{"name":"(anonymous_4)","decl":{"start":{"line":29,"column":25},"end":{"line":29,"column":26}},"loc":{"start":{"line":29,"column":42},"end":{"line":53,"column":1}},"line":29},"5":{"name":"(anonymous_5)","decl":{"start":{"line":56,"column":32},"end":{"line":56,"column":33}},"loc":{"start":{"line":56,"column":49},"end":{"line":71,"column":1}},"line":56},"6":{"name":"(anonymous_6)","decl":{"start":{"line":74,"column":27},"end":{"line":74,"column":28}},"loc":{"start":{"line":74,"column":54},"end":{"line":83,"column":1}},"line":74},"7":{"name":"(anonymous_7)","decl":{"start":{"line":86,"column":30},"end":{"line":86,"column":31}},"loc":{"start":{"line":86,"column":57},"end":{"line":94,"column":1}},"line":86},"8":{"name":"(anonymous_8)","decl":{"start":{"line":97,"column":27},"end":{"line":97,"column":28}},"loc":{"start":{"line":97,"column":44},"end":{"line":99,"column":1}},"line":97}},"branchMap":{"0":{"loc":{"start":{"line":76,"column":4},"end":{"line":82,"column":5}},"type":"if","locations":[{"start":{"line":76,"column":4},"end":{"line":82,"column":5}},{"start":{"line":78,"column":11},"end":{"line":82,"column":5}}],"line":76},"1":{"loc":{"start":{"line":87,"column":4},"end":{"line":93,"column":5}},"type":"if","locations":[{"start":{"line":87,"column":4},"end":{"line":93,"column":5}},{"start":{"line":89,"column":11},"end":{"line":93,"column":5}}],"line":87}},"s":{"0":3,"1":3,"2":3,"3":3,"4":3,"5":3,"6":73,"7":3,"8":154,"9":3,"10":1,"11":3,"12":2,"13":3,"14":1,"15":3,"16":1,"17":3,"18":7,"19":2,"20":5,"21":3,"22":1,"23":0,"24":1,"25":3,"26":1},"f":{"0":73,"1":154,"2":1,"3":2,"4":1,"5":1,"6":7,"7":1,"8":1},"b":{"0":[2,5],"1":[0,1]},"_coverageSchema":"1a1c01bbd47fc00a2c39e90264f33305004495a9","hash":"9e71344c1a3ac911fcfaa2d89d0933f16177f0e3"}
,"/Users/nathalieluna/web-dev/recipe-box/models/ingredient.js": {"path":"/Users/nathalieluna/web-dev/recipe-box/models/ingredient.js","statementMap":{"0":{"start":{"line":1,"column":17},"end":{"line":1,"column":36}},"1":{"start":{"line":3,"column":25},"end":{"line":6,"column":2}},"2":{"start":{"line":9,"column":0},"end":{"line":9,"column":64}}},"fnMap":{},"branchMap":{},"s":{"0":3,"1":3,"2":3},"f":{},"b":{},"_coverageSchema":"1a1c01bbd47fc00a2c39e90264f33305004495a9","hash":"a1dd6189d0a5f0d4c9756ed40c10c2e681c8a615"}
,"/Users/nathalieluna/web-dev/recipe-box/models/recipe.js": {"path":"/Users/nathalieluna/web-dev/recipe-box/models/recipe.js","statementMap":{"0":{"start":{"line":1,"column":17},"end":{"line":1,"column":36}},"1":{"start":{"line":3,"column":21},"end":{"line":10,"column":2}},"2":{"start":{"line":12,"column":0},"end":{"line":12,"column":76}},"3":{"start":{"line":14,"column":0},"end":{"line":14,"column":56}}},"fnMap":{},"branchMap":{},"s":{"0":3,"1":3,"2":3,"3":3},"f":{},"b":{},"_coverageSchema":"1a1c01bbd47fc00a2c39e90264f33305004495a9","hash":"fd932a09a25e10fd8c664e15fc92f9f8a7ade4e8"}
,"/Users/nathalieluna/web-dev/recipe-box/models/token.js": {"path":"/Users/nathalieluna/web-dev/recipe-box/models/token.js","statementMap":{"0":{"start":{"line":1,"column":17},"end":{"line":1,"column":36}},"1":{"start":{"line":3,"column":20},"end":{"line":6,"column":2}},"2":{"start":{"line":9,"column":0},"end":{"line":9,"column":54}}},"fnMap":{},"branchMap":{},"s":{"0":3,"1":3,"2":3},"f":{},"b":{},"_coverageSchema":"1a1c01bbd47fc00a2c39e90264f33305004495a9","hash":"bd567df5e824da6b3f6825b3b67a1bb3e90455fd"}
,"/Users/nathalieluna/web-dev/recipe-box/models/user.js": {"path":"/Users/nathalieluna/web-dev/recipe-box/models/user.js","statementMap":{"0":{"start":{"line":1,"column":17},"end":{"line":1,"column":36}},"1":{"start":{"line":3,"column":19},"end":{"line":9,"column":2}},"2":{"start":{"line":17,"column":0},"end":{"line":17,"column":52}}},"fnMap":{},"branchMap":{},"s":{"0":3,"1":3,"2":3},"f":{},"b":{},"_coverageSchema":"1a1c01bbd47fc00a2c39e90264f33305004495a9","hash":"6a6551c3cd75e5dd81e7c59878dd897411fa302f"}
,"/Users/nathalieluna/web-dev/recipe-box/routes/index.js": {"path":"/Users/nathalieluna/web-dev/recipe-box/routes/index.js","statementMap":{"0":{"start":{"line":1,"column":19},"end":{"line":1,"column":37}},"1":{"start":{"line":2,"column":15},"end":{"line":2,"column":23}},"2":{"start":{"line":5,"column":0},"end":{"line":5,"column":41}},"3":{"start":{"line":8,"column":0},"end":{"line":8,"column":45}},"4":{"start":{"line":11,"column":0},"end":{"line":11,"column":39}},"5":{"start":{"line":14,"column":0},"end":{"line":17,"column":5}},"6":{"start":{"line":15,"column":4},"end":{"line":15,"column":34}},"7":{"start":{"line":16,"column":4},"end":{"line":16,"column":18}},"8":{"start":{"line":18,"column":0},"end":{"line":18,"column":24}}},"fnMap":{"0":{"name":"(anonymous_0)","decl":{"start":{"line":14,"column":11},"end":{"line":14,"column":12}},"loc":{"start":{"line":14,"column":41},"end":{"line":17,"column":3}},"line":14}},"branchMap":{"0":{"loc":{"start":{"line":15,"column":15},"end":{"line":15,"column":32}},"type":"binary-expr","locations":[{"start":{"line":15,"column":15},"end":{"line":15,"column":25}},{"start":{"line":15,"column":29},"end":{"line":15,"column":32}}],"line":15}},"s":{"0":3,"1":3,"2":3,"3":3,"4":3,"5":3,"6":1,"7":1,"8":3},"f":{"0":1},"b":{"0":[1,1]},"_coverageSchema":"1a1c01bbd47fc00a2c39e90264f33305004495a9","hash":"f371c8ab5bf614c02abe97d3908da1744567092b"}
,"/Users/nathalieluna/web-dev/recipe-box/routes/login.js": {"path":"/Users/nathalieluna/web-dev/recipe-box/routes/login.js","statementMap":{"0":{"start":{"line":1,"column":19},"end":{"line":1,"column":37}},"1":{"start":{"line":2,"column":15},"end":{"line":2,"column":23}},"2":{"start":{"line":3,"column":15},"end":{"line":3,"column":32}},"3":{"start":{"line":4,"column":40},"end":{"line":4,"column":63}},"4":{"start":{"line":5,"column":16},"end":{"line":5,"column":39}},"5":{"start":{"line":6,"column":17},"end":{"line":6,"column":41}},"6":{"start":{"line":12,"column":0},"end":{"line":45,"column":3}},"7":{"start":{"line":14,"column":30},"end":{"line":14,"column":38}},"8":{"start":{"line":17,"column":4},"end":{"line":44,"column":5}},"9":{"start":{"line":18,"column":8},"end":{"line":18,"column":51}},"10":{"start":{"line":20,"column":32},"end":{"line":20,"column":60}},"11":{"start":{"line":23,"column":8},"end":{"line":43,"column":9}},"12":{"start":{"line":24,"column":12},"end":{"line":24,"column":58}},"13":{"start":{"line":27,"column":15},"end":{"line":43,"column":9}},"14":{"start":{"line":28,"column":12},"end":{"line":28,"column":66}},"15":{"start":{"line":32,"column":31},"end":{"line":32,"column":33}},"16":{"start":{"line":35,"column":12},"end":{"line":42,"column":15}},"17":{"start":{"line":36,"column":37},"end":{"line":36,"column":139}},"18":{"start":{"line":37,"column":16},"end":{"line":41,"column":17}},"19":{"start":{"line":38,"column":20},"end":{"line":38,"column":40}},"20":{"start":{"line":40,"column":20},"end":{"line":40,"column":40}},"21":{"start":{"line":52,"column":0},"end":{"line":83,"column":3}},"22":{"start":{"line":54,"column":23},"end":{"line":54,"column":37}},"23":{"start":{"line":55,"column":17},"end":{"line":55,"column":50}},"24":{"start":{"line":58,"column":26},"end":{"line":58,"column":43}},"25":{"start":{"line":61,"column":4},"end":{"line":82,"column":5}},"26":{"start":{"line":62,"column":8},"end":{"line":62,"column":71}},"27":{"start":{"line":65,"column":11},"end":{"line":82,"column":5}},"28":{"start":{"line":66,"column":8},"end":{"line":66,"column":53}},"29":{"start":{"line":70,"column":22},"end":{"line":70,"column":72}},"30":{"start":{"line":73,"column":8},"end":{"line":81,"column":9}},"31":{"start":{"line":74,"column":12},"end":{"line":74,"column":59}},"32":{"start":{"line":78,"column":26},"end":{"line":78,"column":71}},"33":{"start":{"line":79,"column":12},"end":{"line":79,"column":46}},"34":{"start":{"line":80,"column":12},"end":{"line":80,"column":42}},"35":{"start":{"line":88,"column":0},"end":{"line":113,"column":3}},"36":{"start":{"line":90,"column":24},"end":{"line":90,"column":41}},"37":{"start":{"line":92,"column":4},"end":{"line":112,"column":5}},"38":{"start":{"line":93,"column":8},"end":{"line":93,"column":57}},"39":{"start":{"line":96,"column":27},"end":{"line":96,"column":29}},"40":{"start":{"line":97,"column":8},"end":{"line":111,"column":11}},"41":{"start":{"line":98,"column":12},"end":{"line":110,"column":15}},"42":{"start":{"line":99,"column":16},"end":{"line":109,"column":17}},"43":{"start":{"line":101,"column":44},"end":{"line":101,"column":98}},"44":{"start":{"line":102,"column":20},"end":{"line":106,"column":21}},"45":{"start":{"line":103,"column":24},"end":{"line":103,"column":44}},"46":{"start":{"line":105,"column":24},"end":{"line":105,"column":44}},"47":{"start":{"line":108,"column":20},"end":{"line":108,"column":54}},"48":{"start":{"line":118,"column":0},"end":{"line":126,"column":3}},"49":{"start":{"line":119,"column":21},"end":{"line":119,"column":46}},"50":{"start":{"line":120,"column":25},"end":{"line":120,"column":61}},"51":{"start":{"line":121,"column":4},"end":{"line":125,"column":5}},"52":{"start":{"line":122,"column":8},"end":{"line":122,"column":43}},"53":{"start":{"line":124,"column":8},"end":{"line":124,"column":28}},"54":{"start":{"line":131,"column":0},"end":{"line":145,"column":3}},"55":{"start":{"line":132,"column":4},"end":{"line":144,"column":5}},"56":{"start":{"line":134,"column":21},"end":{"line":134,"column":61}},"57":{"start":{"line":136,"column":28},"end":{"line":136,"column":62}},"58":{"start":{"line":137,"column":8},"end":{"line":141,"column":9}},"59":{"start":{"line":138,"column":12},"end":{"line":138,"column":46}},"60":{"start":{"line":140,"column":12},"end":{"line":140,"column":59}},"61":{"start":{"line":143,"column":8},"end":{"line":143,"column":16}},"62":{"start":{"line":147,"column":0},"end":{"line":147,"column":24}}},"fnMap":{"0":{"name":"(anonymous_0)","decl":{"start":{"line":12,"column":23},"end":{"line":12,"column":24}},"loc":{"start":{"line":12,"column":49},"end":{"line":45,"column":1}},"line":12},"1":{"name":"(anonymous_1)","decl":{"start":{"line":35,"column":51},"end":{"line":35,"column":52}},"loc":{"start":{"line":35,"column":72},"end":{"line":42,"column":13}},"line":35},"2":{"name":"(anonymous_2)","decl":{"start":{"line":52,"column":17},"end":{"line":52,"column":18}},"loc":{"start":{"line":52,"column":43},"end":{"line":83,"column":1}},"line":52},"3":{"name":"(anonymous_3)","decl":{"start":{"line":88,"column":41},"end":{"line":88,"column":42}},"loc":{"start":{"line":88,"column":67},"end":{"line":113,"column":1}},"line":88},"4":{"name":"(anonymous_4)","decl":{"start":{"line":97,"column":35},"end":{"line":97,"column":36}},"loc":{"start":{"line":97,"column":56},"end":{"line":111,"column":9}},"line":97},"5":{"name":"(anonymous_5)","decl":{"start":{"line":98,"column":43},"end":{"line":98,"column":44}},"loc":{"start":{"line":98,"column":70},"end":{"line":110,"column":13}},"line":98},"6":{"name":"(anonymous_6)","decl":{"start":{"line":118,"column":40},"end":{"line":118,"column":41}},"loc":{"start":{"line":118,"column":66},"end":{"line":126,"column":1}},"line":118},"7":{"name":"(anonymous_7)","decl":{"start":{"line":131,"column":57},"end":{"line":131,"column":58}},"loc":{"start":{"line":131,"column":83},"end":{"line":145,"column":1}},"line":131}},"branchMap":{"0":{"loc":{"start":{"line":17,"column":4},"end":{"line":44,"column":5}},"type":"if","locations":[{"start":{"line":17,"column":4},"end":{"line":44,"column":5}},{"start":{"line":19,"column":11},"end":{"line":44,"column":5}}],"line":17},"1":{"loc":{"start":{"line":17,"column":8},"end":{"line":17,"column":48}},"type":"binary-expr","locations":[{"start":{"line":17,"column":8},"end":{"line":17,"column":14}},{"start":{"line":17,"column":18},"end":{"line":17,"column":35}},{"start":{"line":17,"column":39},"end":{"line":17,"column":48}}],"line":17},"2":{"loc":{"start":{"line":23,"column":8},"end":{"line":43,"column":9}},"type":"if","locations":[{"start":{"line":23,"column":8},"end":{"line":43,"column":9}},{"start":{"line":27,"column":15},"end":{"line":43,"column":9}}],"line":23},"3":{"loc":{"start":{"line":23,"column":12},"end":{"line":23,"column":60}},"type":"binary-expr","locations":[{"start":{"line":23,"column":12},"end":{"line":23,"column":21}},{"start":{"line":23,"column":25},"end":{"line":23,"column":44}},{"start":{"line":23,"column":48},"end":{"line":23,"column":60}}],"line":23},"4":{"loc":{"start":{"line":27,"column":15},"end":{"line":43,"column":9}},"type":"if","locations":[{"start":{"line":27,"column":15},"end":{"line":43,"column":9}},{"start":{"line":31,"column":15},"end":{"line":43,"column":9}}],"line":27},"5":{"loc":{"start":{"line":37,"column":16},"end":{"line":41,"column":17}},"type":"if","locations":[{"start":{"line":37,"column":16},"end":{"line":41,"column":17}},{"start":{"line":39,"column":23},"end":{"line":41,"column":17}}],"line":37},"6":{"loc":{"start":{"line":61,"column":4},"end":{"line":82,"column":5}},"type":"if","locations":[{"start":{"line":61,"column":4},"end":{"line":82,"column":5}},{"start":{"line":65,"column":11},"end":{"line":82,"column":5}}],"line":61},"7":{"loc":{"start":{"line":65,"column":11},"end":{"line":82,"column":5}},"type":"if","locations":[{"start":{"line":65,"column":11},"end":{"line":82,"column":5}},{"start":{"line":69,"column":11},"end":{"line":82,"column":5}}],"line":65},"8":{"loc":{"start":{"line":65,"column":15},"end":{"line":65,"column":84}},"type":"binary-expr","locations":[{"start":{"line":65,"column":15},"end":{"line":65,"column":29}},{"start":{"line":65,"column":33},"end":{"line":65,"column":60}},{"start":{"line":65,"column":64},"end":{"line":65,"column":84}}],"line":65},"9":{"loc":{"start":{"line":73,"column":8},"end":{"line":81,"column":9}},"type":"if","locations":[{"start":{"line":73,"column":8},"end":{"line":81,"column":9}},{"start":{"line":77,"column":15},"end":{"line":81,"column":9}}],"line":73},"10":{"loc":{"start":{"line":92,"column":4},"end":{"line":112,"column":5}},"type":"if","locations":[{"start":{"line":92,"column":4},"end":{"line":112,"column":5}},{"start":{"line":94,"column":11},"end":{"line":112,"column":5}}],"line":92},"11":{"loc":{"start":{"line":92,"column":8},"end":{"line":92,"column":39}},"type":"binary-expr","locations":[{"start":{"line":92,"column":8},"end":{"line":92,"column":20}},{"start":{"line":92,"column":24},"end":{"line":92,"column":39}}],"line":92},"12":{"loc":{"start":{"line":102,"column":20},"end":{"line":106,"column":21}},"type":"if","locations":[{"start":{"line":102,"column":20},"end":{"line":106,"column":21}},{"start":{"line":104,"column":27},"end":{"line":106,"column":21}}],"line":102},"13":{"loc":{"start":{"line":121,"column":4},"end":{"line":125,"column":5}},"type":"if","locations":[{"start":{"line":121,"column":4},"end":{"line":125,"column":5}},{"start":{"line":123,"column":11},"end":{"line":125,"column":5}}],"line":121},"14":{"loc":{"start":{"line":137,"column":8},"end":{"line":141,"column":9}},"type":"if","locations":[{"start":{"line":137,"column":8},"end":{"line":141,"column":9}},{"start":{"line":139,"column":15},"end":{"line":141,"column":9}}],"line":137}},"s":{"0":3,"1":3,"2":3,"3":3,"4":3,"5":3,"6":3,"7":76,"8":76,"9":1,"10":75,"11":75,"12":1,"13":74,"14":1,"15":73,"16":73,"17":73,"18":73,"19":73,"20":0,"21":3,"22":72,"23":72,"24":72,"25":72,"26":1,"27":71,"28":1,"29":70,"30":70,"31":2,"32":68,"33":68,"34":68,"35":3,"36":2,"37":2,"38":1,"39":1,"40":1,"41":1,"42":1,"43":1,"44":1,"45":1,"46":0,"47":0,"48":3,"49":1,"50":1,"51":1,"52":1,"53":0,"54":3,"55":2,"56":2,"57":2,"58":2,"59":1,"60":1,"61":2,"62":3},"f":{"0":76,"1":73,"2":72,"3":2,"4":1,"5":1,"6":1,"7":2},"b":{"0":[1,75],"1":[76,75,75],"2":[1,74],"3":[75,74,74],"4":[1,73],"5":[73,0],"6":[1,71],"7":[1,70],"8":[71,70,70],"9":[2,68],"10":[1,1],"11":[2,1],"12":[1,0],"13":[1,0],"14":[1,1]},"_coverageSchema":"1a1c01bbd47fc00a2c39e90264f33305004495a9","hash":"a87d14a79d2d7a12ffbfd2e9ab2313f153e4b52a"}
,"/Users/nathalieluna/web-dev/recipe-box/routes/menu.js": {"path":"/Users/nathalieluna/web-dev/recipe-box/routes/menu.js","statementMap":{"0":{"start":{"line":1,"column":19},"end":{"line":1,"column":37}},"1":{"start":{"line":2,"column":15},"end":{"line":2,"column":23}},"2":{"start":{"line":3,"column":26},"end":{"line":3,"column":49}},"3":{"start":{"line":4,"column":16},"end":{"line":4,"column":39}},"4":{"start":{"line":9,"column":0},"end":{"line":23,"column":3}},"5":{"start":{"line":10,"column":4},"end":{"line":22,"column":5}},"6":{"start":{"line":11,"column":26},"end":{"line":11,"column":36}},"7":{"start":{"line":12,"column":25},"end":{"line":12,"column":57}},"8":{"start":{"line":15,"column":8},"end":{"line":19,"column":9}},"9":{"start":{"line":16,"column":12},"end":{"line":16,"column":43}},"10":{"start":{"line":18,"column":12},"end":{"line":18,"column":51}},"11":{"start":{"line":21,"column":8},"end":{"line":21,"column":16}},"12":{"start":{"line":28,"column":0},"end":{"line":40,"column":3}},"13":{"start":{"line":29,"column":22},"end":{"line":29,"column":32}},"14":{"start":{"line":30,"column":4},"end":{"line":39,"column":5}},"15":{"start":{"line":31,"column":28},"end":{"line":31,"column":67}},"16":{"start":{"line":32,"column":8},"end":{"line":36,"column":9}},"17":{"start":{"line":33,"column":12},"end":{"line":33,"column":46}},"18":{"start":{"line":35,"column":12},"end":{"line":35,"column":59}},"19":{"start":{"line":38,"column":8},"end":{"line":38,"column":16}},"20":{"start":{"line":45,"column":0},"end":{"line":58,"column":3}},"21":{"start":{"line":46,"column":22},"end":{"line":46,"column":32}},"22":{"start":{"line":47,"column":21},"end":{"line":47,"column":40}},"23":{"start":{"line":48,"column":4},"end":{"line":57,"column":5}},"24":{"start":{"line":49,"column":27},"end":{"line":49,"column":71}},"25":{"start":{"line":50,"column":8},"end":{"line":54,"column":9}},"26":{"start":{"line":51,"column":12},"end":{"line":51,"column":45}},"27":{"start":{"line":53,"column":12},"end":{"line":53,"column":59}},"28":{"start":{"line":56,"column":8},"end":{"line":56,"column":16}},"29":{"start":{"line":63,"column":0},"end":{"line":75,"column":3}},"30":{"start":{"line":64,"column":22},"end":{"line":64,"column":32}},"31":{"start":{"line":65,"column":4},"end":{"line":74,"column":5}},"32":{"start":{"line":66,"column":26},"end":{"line":66,"column":60}},"33":{"start":{"line":67,"column":8},"end":{"line":71,"column":9}},"34":{"start":{"line":68,"column":12},"end":{"line":68,"column":32}},"35":{"start":{"line":70,"column":12},"end":{"line":70,"column":62}},"36":{"start":{"line":73,"column":8},"end":{"line":73,"column":16}},"37":{"start":{"line":80,"column":0},"end":{"line":93,"column":3}},"38":{"start":{"line":81,"column":22},"end":{"line":81,"column":32}},"39":{"start":{"line":82,"column":21},"end":{"line":82,"column":40}},"40":{"start":{"line":83,"column":4},"end":{"line":92,"column":5}},"41":{"start":{"line":84,"column":28},"end":{"line":84,"column":75}},"42":{"start":{"line":85,"column":8},"end":{"line":89,"column":9}},"43":{"start":{"line":86,"column":12},"end":{"line":86,"column":46}},"44":{"start":{"line":88,"column":12},"end":{"line":88,"column":59}},"45":{"start":{"line":91,"column":8},"end":{"line":91,"column":16}},"46":{"start":{"line":96,"column":0},"end":{"line":96,"column":24}}},"fnMap":{"0":{"name":"(anonymous_0)","decl":{"start":{"line":9,"column":33},"end":{"line":9,"column":34}},"loc":{"start":{"line":9,"column":59},"end":{"line":23,"column":1}},"line":9},"1":{"name":"(anonymous_1)","decl":{"start":{"line":28,"column":45},"end":{"line":28,"column":46}},"loc":{"start":{"line":28,"column":71},"end":{"line":40,"column":1}},"line":28},"2":{"name":"(anonymous_2)","decl":{"start":{"line":45,"column":42},"end":{"line":45,"column":43}},"loc":{"start":{"line":45,"column":68},"end":{"line":58,"column":1}},"line":45},"3":{"name":"(anonymous_3)","decl":{"start":{"line":63,"column":36},"end":{"line":63,"column":37}},"loc":{"start":{"line":63,"column":62},"end":{"line":75,"column":1}},"line":63},"4":{"name":"(anonymous_4)","decl":{"start":{"line":80,"column":45},"end":{"line":80,"column":46}},"loc":{"start":{"line":80,"column":71},"end":{"line":93,"column":1}},"line":80}},"branchMap":{"0":{"loc":{"start":{"line":15,"column":8},"end":{"line":19,"column":9}},"type":"if","locations":[{"start":{"line":15,"column":8},"end":{"line":19,"column":9}},{"start":{"line":17,"column":15},"end":{"line":19,"column":9}}],"line":15},"1":{"loc":{"start":{"line":32,"column":8},"end":{"line":36,"column":9}},"type":"if","locations":[{"start":{"line":32,"column":8},"end":{"line":36,"column":9}},{"start":{"line":34,"column":15},"end":{"line":36,"column":9}}],"line":32},"2":{"loc":{"start":{"line":50,"column":8},"end":{"line":54,"column":9}},"type":"if","locations":[{"start":{"line":50,"column":8},"end":{"line":54,"column":9}},{"start":{"line":52,"column":15},"end":{"line":54,"column":9}}],"line":50},"3":{"loc":{"start":{"line":67,"column":8},"end":{"line":71,"column":9}},"type":"if","locations":[{"start":{"line":67,"column":8},"end":{"line":71,"column":9}},{"start":{"line":69,"column":15},"end":{"line":71,"column":9}}],"line":67},"4":{"loc":{"start":{"line":85,"column":8},"end":{"line":89,"column":9}},"type":"if","locations":[{"start":{"line":85,"column":8},"end":{"line":89,"column":9}},{"start":{"line":87,"column":15},"end":{"line":89,"column":9}}],"line":85}},"s":{"0":3,"1":3,"2":3,"3":3,"4":3,"5":1,"6":1,"7":1,"8":1,"9":1,"10":0,"11":0,"12":3,"13":1,"14":1,"15":1,"16":1,"17":1,"18":0,"19":0,"20":3,"21":7,"22":7,"23":7,"24":7,"25":7,"26":5,"27":2,"28":0,"29":3,"30":1,"31":1,"32":1,"33":1,"34":1,"35":0,"36":0,"37":3,"38":1,"39":1,"40":1,"41":1,"42":1,"43":1,"44":0,"45":0,"46":3},"f":{"0":1,"1":1,"2":7,"3":1,"4":1},"b":{"0":[1,0],"1":[1,0],"2":[5,2],"3":[1,0],"4":[1,0]},"_coverageSchema":"1a1c01bbd47fc00a2c39e90264f33305004495a9","hash":"8ccfb60588d75e831f8cbe9007c316ff83ce1338"}
,"/Users/nathalieluna/web-dev/recipe-box/routes/middleware.js": {"path":"/Users/nathalieluna/web-dev/recipe-box/routes/middleware.js","statementMap":{"0":{"start":{"line":1,"column":17},"end":{"line":1,"column":41}},"1":{"start":{"line":2,"column":16},"end":{"line":2,"column":39}},"2":{"start":{"line":6,"column":4},"end":{"line":38,"column":5}},"3":{"start":{"line":9,"column":23},"end":{"line":9,"column":48}},"4":{"start":{"line":12,"column":4},"end":{"line":35,"column":5}},"5":{"start":{"line":13,"column":8},"end":{"line":13,"column":47}},"6":{"start":{"line":17,"column":8},"end":{"line":17,"column":42}},"7":{"start":{"line":20,"column":8},"end":{"line":34,"column":9}},"8":{"start":{"line":21,"column":12},"end":{"line":21,"column":47}},"9":{"start":{"line":25,"column":12},"end":{"line":25,"column":73}},"10":{"start":{"line":28,"column":12},"end":{"line":33,"column":13}},"11":{"start":{"line":29,"column":16},"end":{"line":29,"column":60}},"12":{"start":{"line":31,"column":16},"end":{"line":31,"column":41}},"13":{"start":{"line":32,"column":16},"end":{"line":32,"column":23}},"14":{"start":{"line":37,"column":8},"end":{"line":37,"column":16}},"15":{"start":{"line":42,"column":4},"end":{"line":57,"column":5}},"16":{"start":{"line":44,"column":21},"end":{"line":44,"column":54}},"17":{"start":{"line":45,"column":28},"end":{"line":45,"column":56}},"18":{"start":{"line":48,"column":8},"end":{"line":53,"column":9}},"19":{"start":{"line":49,"column":12},"end":{"line":49,"column":19}},"20":{"start":{"line":52,"column":12},"end":{"line":52,"column":31}},"21":{"start":{"line":56,"column":8},"end":{"line":56,"column":16}},"22":{"start":{"line":58,"column":4},"end":{"line":58,"column":11}},"23":{"start":{"line":61,"column":0},"end":{"line":61,"column":50}}},"fnMap":{"0":{"name":"isAuthenticated","decl":{"start":{"line":4,"column":15},"end":{"line":4,"column":30}},"loc":{"start":{"line":4,"column":48},"end":{"line":39,"column":1}},"line":4},"1":{"name":"isAuthorized","decl":{"start":{"line":41,"column":15},"end":{"line":41,"column":27}},"loc":{"start":{"line":41,"column":45},"end":{"line":59,"column":1}},"line":41}},"branchMap":{"0":{"loc":{"start":{"line":12,"column":4},"end":{"line":35,"column":5}},"type":"if","locations":[{"start":{"line":12,"column":4},"end":{"line":35,"column":5}},{"start":{"line":15,"column":11},"end":{"line":35,"column":5}}],"line":12},"1":{"loc":{"start":{"line":20,"column":8},"end":{"line":34,"column":9}},"type":"if","locations":[{"start":{"line":20,"column":8},"end":{"line":34,"column":9}},{"start":{"line":23,"column":15},"end":{"line":34,"column":9}}],"line":20},"2":{"loc":{"start":{"line":28,"column":12},"end":{"line":33,"column":13}},"type":"if","locations":[{"start":{"line":28,"column":12},"end":{"line":33,"column":13}},{"start":{"line":30,"column":19},"end":{"line":33,"column":13}}],"line":28},"3":{"loc":{"start":{"line":48,"column":8},"end":{"line":53,"column":9}},"type":"if","locations":[{"start":{"line":48,"column":8},"end":{"line":53,"column":9}},{"start":{"line":51,"column":15},"end":{"line":53,"column":9}}],"line":48}},"s":{"0":3,"1":3,"2":82,"3":82,"4":82,"5":3,"6":79,"7":79,"8":4,"9":75,"10":75,"11":0,"12":75,"13":75,"14":0,"15":2,"16":2,"17":2,"18":2,"19":1,"20":1,"21":0,"22":2,"23":3},"f":{"0":82,"1":2},"b":{"0":[3,79],"1":[4,75],"2":[0,75],"3":[1,1]},"_coverageSchema":"1a1c01bbd47fc00a2c39e90264f33305004495a9","hash":"a50179f9c145cc28b6eb7233cd632b4e12f0626e"}
,"/Users/nathalieluna/web-dev/recipe-box/routes/recipes.js": {"path":"/Users/nathalieluna/web-dev/recipe-box/routes/recipes.js","statementMap":{"0":{"start":{"line":1,"column":19},"end":{"line":1,"column":37}},"1":{"start":{"line":2,"column":15},"end":{"line":2,"column":23}},"2":{"start":{"line":3,"column":28},"end":{"line":3,"column":51}},"3":{"start":{"line":4,"column":16},"end":{"line":4,"column":39}},"4":{"start":{"line":5,"column":18},"end":{"line":5,"column":43}},"5":{"start":{"line":6,"column":22},"end":{"line":6,"column":51}},"6":{"start":{"line":11,"column":0},"end":{"line":50,"column":2}},"7":{"start":{"line":14,"column":66},"end":{"line":14,"column":74}},"8":{"start":{"line":15,"column":4},"end":{"line":47,"column":5}},"9":{"start":{"line":16,"column":8},"end":{"line":16,"column":57}},"10":{"start":{"line":20,"column":28},"end":{"line":20,"column":62}},"11":{"start":{"line":21,"column":8},"end":{"line":46,"column":9}},"12":{"start":{"line":22,"column":12},"end":{"line":22,"column":57}},"13":{"start":{"line":26,"column":37},"end":{"line":26,"column":39}},"14":{"start":{"line":27,"column":12},"end":{"line":36,"column":13}},"15":{"start":{"line":27,"column":25},"end":{"line":27,"column":26}},"16":{"start":{"line":28,"column":39},"end":{"line":28,"column":88}},"17":{"start":{"line":29,"column":16},"end":{"line":35,"column":17}},"18":{"start":{"line":30,"column":20},"end":{"line":30,"column":102}},"19":{"start":{"line":33,"column":42},"end":{"line":33,"column":107}},"20":{"start":{"line":34,"column":20},"end":{"line":34,"column":101}},"21":{"start":{"line":39,"column":35},"end":{"line":39,"column":126}},"22":{"start":{"line":40,"column":12},"end":{"line":45,"column":13}},"23":{"start":{"line":41,"column":34},"end":{"line":41,"column":78}},"24":{"start":{"line":42,"column":16},"end":{"line":42,"column":48}},"25":{"start":{"line":44,"column":16},"end":{"line":44,"column":24}},"26":{"start":{"line":57,"column":0},"end":{"line":88,"column":2}},"27":{"start":{"line":58,"column":4},"end":{"line":87,"column":5}},"28":{"start":{"line":60,"column":26},"end":{"line":60,"column":50}},"29":{"start":{"line":63,"column":8},"end":{"line":81,"column":9}},"30":{"start":{"line":63,"column":26},"end":{"line":63,"column":27}},"31":{"start":{"line":64,"column":12},"end":{"line":80,"column":13}},"32":{"start":{"line":64,"column":30},"end":{"line":64,"column":31}},"33":{"start":{"line":67,"column":39},"end":{"line":67,"column":78}},"34":{"start":{"line":68,"column":37},"end":{"line":68,"column":54}},"35":{"start":{"line":69,"column":38},"end":{"line":69,"column":80}},"36":{"start":{"line":72,"column":39},"end":{"line":72,"column":73}},"37":{"start":{"line":73,"column":16},"end":{"line":75,"column":17}},"38":{"start":{"line":74,"column":20},"end":{"line":74,"column":63}},"39":{"start":{"line":76,"column":16},"end":{"line":76,"column":55}},"40":{"start":{"line":79,"column":16},"end":{"line":79,"column":75}},"41":{"start":{"line":84,"column":8},"end":{"line":84,"column":42}},"42":{"start":{"line":86,"column":8},"end":{"line":86,"column":16}},"43":{"start":{"line":93,"column":0},"end":{"line":115,"column":2}},"44":{"start":{"line":94,"column":30},"end":{"line":94,"column":39}},"45":{"start":{"line":95,"column":2},"end":{"line":114,"column":3}},"46":{"start":{"line":98,"column":4},"end":{"line":110,"column":5}},"47":{"start":{"line":99,"column":29},"end":{"line":99,"column":71}},"48":{"start":{"line":100,"column":8},"end":{"line":104,"column":9}},"49":{"start":{"line":101,"column":12},"end":{"line":101,"column":74}},"50":{"start":{"line":103,"column":12},"end":{"line":103,"column":30}},"51":{"start":{"line":106,"column":11},"end":{"line":110,"column":5}},"52":{"start":{"line":107,"column":8},"end":{"line":107,"column":58}},"53":{"start":{"line":111,"column":4},"end":{"line":111,"column":40}},"54":{"start":{"line":113,"column":4},"end":{"line":113,"column":12}},"55":{"start":{"line":120,"column":0},"end":{"line":154,"column":2}},"56":{"start":{"line":124,"column":4},"end":{"line":153,"column":5}},"57":{"start":{"line":126,"column":26},"end":{"line":126,"column":72}},"58":{"start":{"line":129,"column":8},"end":{"line":147,"column":9}},"59":{"start":{"line":129,"column":26},"end":{"line":129,"column":27}},"60":{"start":{"line":130,"column":12},"end":{"line":146,"column":13}},"61":{"start":{"line":130,"column":30},"end":{"line":130,"column":31}},"62":{"start":{"line":133,"column":39},"end":{"line":133,"column":78}},"63":{"start":{"line":134,"column":37},"end":{"line":134,"column":54}},"64":{"start":{"line":135,"column":38},"end":{"line":135,"column":80}},"65":{"start":{"line":138,"column":39},"end":{"line":138,"column":73}},"66":{"start":{"line":139,"column":16},"end":{"line":141,"column":17}},"67":{"start":{"line":140,"column":20},"end":{"line":140,"column":63}},"68":{"start":{"line":142,"column":16},"end":{"line":142,"column":55}},"69":{"start":{"line":145,"column":16},"end":{"line":145,"column":75}},"70":{"start":{"line":150,"column":8},"end":{"line":150,"column":42}},"71":{"start":{"line":152,"column":8},"end":{"line":152,"column":16}},"72":{"start":{"line":160,"column":0},"end":{"line":184,"column":2}},"73":{"start":{"line":161,"column":4},"end":{"line":183,"column":5}},"74":{"start":{"line":163,"column":30},"end":{"line":163,"column":38}},"75":{"start":{"line":164,"column":8},"end":{"line":180,"column":9}},"76":{"start":{"line":165,"column":12},"end":{"line":165,"column":67}},"77":{"start":{"line":168,"column":29},"end":{"line":168,"column":48}},"78":{"start":{"line":169,"column":31},"end":{"line":169,"column":64}},"79":{"start":{"line":172,"column":12},"end":{"line":179,"column":13}},"80":{"start":{"line":173,"column":38},"end":{"line":173,"column":89}},"81":{"start":{"line":174,"column":16},"end":{"line":174,"column":52}},"82":{"start":{"line":178,"column":16},"end":{"line":178,"column":78}},"83":{"start":{"line":182,"column":8},"end":{"line":182,"column":16}},"84":{"start":{"line":191,"column":0},"end":{"line":213,"column":2}},"85":{"start":{"line":192,"column":4},"end":{"line":212,"column":5}},"86":{"start":{"line":194,"column":23},"end":{"line":194,"column":33}},"87":{"start":{"line":195,"column":21},"end":{"line":195,"column":50}},"88":{"start":{"line":197,"column":25},"end":{"line":197,"column":44}},"89":{"start":{"line":198,"column":23},"end":{"line":198,"column":56}},"90":{"start":{"line":202,"column":8},"end":{"line":209,"column":9}},"91":{"start":{"line":203,"column":12},"end":{"line":203,"column":49}},"92":{"start":{"line":204,"column":12},"end":{"line":204,"column":32}},"93":{"start":{"line":208,"column":12},"end":{"line":208,"column":82}},"94":{"start":{"line":211,"column":8},"end":{"line":211,"column":16}},"95":{"start":{"line":216,"column":0},"end":{"line":216,"column":24}}},"fnMap":{"0":{"name":"(anonymous_0)","decl":{"start":{"line":11,"column":34},"end":{"line":11,"column":35}},"loc":{"start":{"line":11,"column":60},"end":{"line":50,"column":1}},"line":11},"1":{"name":"(anonymous_1)","decl":{"start":{"line":57,"column":16},"end":{"line":57,"column":17}},"loc":{"start":{"line":57,"column":42},"end":{"line":88,"column":1}},"line":57},"2":{"name":"(anonymous_2)","decl":{"start":{"line":93,"column":22},"end":{"line":93,"column":23}},"loc":{"start":{"line":93,"column":48},"end":{"line":115,"column":1}},"line":93},"3":{"name":"(anonymous_3)","decl":{"start":{"line":120,"column":23},"end":{"line":120,"column":24}},"loc":{"start":{"line":120,"column":49},"end":{"line":154,"column":1}},"line":120},"4":{"name":"(anonymous_4)","decl":{"start":{"line":160,"column":42},"end":{"line":160,"column":43}},"loc":{"start":{"line":160,"column":68},"end":{"line":184,"column":1}},"line":160},"5":{"name":"(anonymous_5)","decl":{"start":{"line":191,"column":45},"end":{"line":191,"column":46}},"loc":{"start":{"line":191,"column":71},"end":{"line":213,"column":1}},"line":191}},"branchMap":{"0":{"loc":{"start":{"line":15,"column":4},"end":{"line":47,"column":5}},"type":"if","locations":[{"start":{"line":15,"column":4},"end":{"line":47,"column":5}},{"start":{"line":18,"column":11},"end":{"line":47,"column":5}}],"line":15},"1":{"loc":{"start":{"line":15,"column":8},"end":{"line":15,"column":210}},"type":"binary-expr","locations":[{"start":{"line":15,"column":8},"end":{"line":15,"column":22}},{"start":{"line":15,"column":26},"end":{"line":15,"column":38}},{"start":{"line":15,"column":42},"end":{"line":15,"column":59}},{"start":{"line":15,"column":63},"end":{"line":15,"column":78}},{"start":{"line":15,"column":82},"end":{"line":15,"column":103}},{"start":{"line":15,"column":107},"end":{"line":15,"column":126}},{"start":{"line":15,"column":130},"end":{"line":15,"column":150}},{"start":{"line":15,"column":154},"end":{"line":15,"column":172}},{"start":{"line":15,"column":176},"end":{"line":15,"column":192}},{"start":{"line":15,"column":196},"end":{"line":15,"column":210}}],"line":15},"2":{"loc":{"start":{"line":21,"column":8},"end":{"line":46,"column":9}},"type":"if","locations":[{"start":{"line":21,"column":8},"end":{"line":46,"column":9}},{"start":{"line":23,"column":15},"end":{"line":46,"column":9}}],"line":21},"3":{"loc":{"start":{"line":29,"column":16},"end":{"line":35,"column":17}},"type":"if","locations":[{"start":{"line":29,"column":16},"end":{"line":35,"column":17}},{"start":{"line":32,"column":23},"end":{"line":35,"column":17}}],"line":29},"4":{"loc":{"start":{"line":73,"column":16},"end":{"line":75,"column":17}},"type":"if","locations":[{"start":{"line":73,"column":16},"end":{"line":75,"column":17}},{"start":{},"end":{}}],"line":73},"5":{"loc":{"start":{"line":98,"column":4},"end":{"line":110,"column":5}},"type":"if","locations":[{"start":{"line":98,"column":4},"end":{"line":110,"column":5}},{"start":{"line":106,"column":11},"end":{"line":110,"column":5}}],"line":98},"6":{"loc":{"start":{"line":100,"column":8},"end":{"line":104,"column":9}},"type":"if","locations":[{"start":{"line":100,"column":8},"end":{"line":104,"column":9}},{"start":{"line":102,"column":15},"end":{"line":104,"column":9}}],"line":100},"7":{"loc":{"start":{"line":106,"column":11},"end":{"line":110,"column":5}},"type":"if","locations":[{"start":{"line":106,"column":11},"end":{"line":110,"column":5}},{"start":{"line":108,"column":11},"end":{"line":110,"column":5}}],"line":106},"8":{"loc":{"start":{"line":139,"column":16},"end":{"line":141,"column":17}},"type":"if","locations":[{"start":{"line":139,"column":16},"end":{"line":141,"column":17}},{"start":{},"end":{}}],"line":139},"9":{"loc":{"start":{"line":164,"column":8},"end":{"line":180,"column":9}},"type":"if","locations":[{"start":{"line":164,"column":8},"end":{"line":180,"column":9}},{"start":{"line":167,"column":15},"end":{"line":180,"column":9}}],"line":164},"10":{"loc":{"start":{"line":164,"column":12},"end":{"line":164,"column":66}},"type":"binary-expr","locations":[{"start":{"line":164,"column":12},"end":{"line":164,"column":26}},{"start":{"line":164,"column":30},"end":{"line":164,"column":66}}],"line":164},"11":{"loc":{"start":{"line":172,"column":12},"end":{"line":179,"column":13}},"type":"if","locations":[{"start":{"line":172,"column":12},"end":{"line":179,"column":13}},{"start":{"line":175,"column":19},"end":{"line":179,"column":13}}],"line":172},"12":{"loc":{"start":{"line":202,"column":8},"end":{"line":209,"column":9}},"type":"if","locations":[{"start":{"line":202,"column":8},"end":{"line":209,"column":9}},{"start":{"line":205,"column":15},"end":{"line":209,"column":9}}],"line":202},"13":{"loc":{"start":{"line":202,"column":12},"end":{"line":202,"column":72}},"type":"binary-expr","locations":[{"start":{"line":202,"column":12},"end":{"line":202,"column":40}},{"start":{"line":202,"column":44},"end":{"line":202,"column":72}}],"line":202}},"s":{"0":3,"1":3,"2":3,"3":3,"4":3,"5":3,"6":3,"7":53,"8":53,"9":5,"10":48,"11":48,"12":1,"13":47,"14":47,"15":47,"16":107,"17":107,"18":7,"19":100,"20":100,"21":47,"22":47,"23":47,"24":47,"25":0,"26":3,"27":2,"28":2,"29":2,"30":2,"31":6,"32":6,"33":16,"34":16,"35":16,"36":16,"37":16,"38":12,"39":16,"40":16,"41":2,"42":0,"43":3,"44":3,"45":3,"46":3,"47":0,"48":0,"49":0,"50":0,"51":3,"52":3,"53":3,"54":0,"55":3,"56":2,"57":2,"58":2,"59":2,"60":3,"61":3,"62":8,"63":8,"64":8,"65":8,"66":8,"67":6,"68":8,"69":8,"70":2,"71":0,"72":3,"73":3,"74":3,"75":3,"76":1,"77":2,"78":2,"79":2,"80":1,"81":1,"82":1,"83":0,"84":3,"85":3,"86":3,"87":3,"88":3,"89":3,"90":3,"91":2,"92":2,"93":1,"94":0,"95":3},"f":{"0":53,"1":2,"2":3,"3":2,"4":3,"5":3},"b":{"0":[5,48],"1":[53,52,52,51,51,50,50,49,49,48],"2":[1,47],"3":[7,100],"4":[12,4],"5":[0,3],"6":[0,0],"7":[3,0],"8":[6,2],"9":[1,2],"10":[3,3],"11":[1,1],"12":[2,1],"13":[3,2]},"_coverageSchema":"1a1c01bbd47fc00a2c39e90264f33305004495a9","hash":"4739d530d2314aaba6a318c02657dcb9a30462f3"}
}
