{"/Users/nathalieluna/web-dev/recipe-box/server.js": {"path":"/Users/nathalieluna/web-dev/recipe-box/server.js","statementMap":{"0":{"start":{"line":1,"column":16},"end":{"line":1,"column":34}},"1":{"start":{"line":3,"column":15},"end":{"line":3,"column":34}},"2":{"start":{"line":5,"column":15},"end":{"line":5,"column":24}},"3":{"start":{"line":6,"column":0},"end":{"line":6,"column":27}},"4":{"start":{"line":8,"column":0},"end":{"line":8,"column":19}},"5":{"start":{"line":10,"column":0},"end":{"line":10,"column":24}}},"fnMap":{},"branchMap":{},"s":{"0":1,"1":1,"2":1,"3":1,"4":1,"5":1},"f":{},"b":{},"_coverageSchema":"1a1c01bbd47fc00a2c39e90264f33305004495a9","hash":"dbad46155d90a0c1cdedbd9d86c3dfac5f9bb75c"}
,"/Users/nathalieluna/web-dev/recipe-box/test-utils.js": {"path":"/Users/nathalieluna/web-dev/recipe-box/test-utils.js","statementMap":{"0":{"start":{"line":1,"column":17},"end":{"line":1,"column":36}},"1":{"start":{"line":2,"column":15},"end":{"line":2,"column":128}},"2":{"start":{"line":4,"column":0},"end":{"line":4,"column":20}},"3":{"start":{"line":6,"column":0},"end":{"line":9,"column":1}},"4":{"start":{"line":7,"column":2},"end":{"line":7,"column":52}},"5":{"start":{"line":8,"column":2},"end":{"line":8,"column":54}},"6":{"start":{"line":8,"column":36},"end":{"line":8,"column":51}},"7":{"start":{"line":11,"column":0},"end":{"line":13,"column":1}},"8":{"start":{"line":12,"column":2},"end":{"line":12,"column":30}},"9":{"start":{"line":15,"column":0},"end":{"line":17,"column":1}},"10":{"start":{"line":16,"column":2},"end":{"line":16,"column":60}},"11":{"start":{"line":16,"column":40},"end":{"line":16,"column":58}},"12":{"start":{"line":19,"column":0},"end":{"line":25,"column":1}},"13":{"start":{"line":20,"column":17},"end":{"line":20,"column":50}},"14":{"start":{"line":21,"column":2},"end":{"line":23,"column":3}},"15":{"start":{"line":22,"column":4},"end":{"line":22,"column":39}},"16":{"start":{"line":24,"column":2},"end":{"line":24,"column":16}},"17":{"start":{"line":27,"column":0},"end":{"line":33,"column":1}},"18":{"start":{"line":28,"column":18},"end":{"line":28,"column":48}},"19":{"start":{"line":29,"column":2},"end":{"line":31,"column":5}},"20":{"start":{"line":30,"column":4},"end":{"line":30,"column":39}},"21":{"start":{"line":32,"column":2},"end":{"line":32,"column":17}}},"fnMap":{"0":{"name":"(anonymous_0)","decl":{"start":{"line":6,"column":27},"end":{"line":6,"column":28}},"loc":{"start":{"line":6,"column":39},"end":{"line":9,"column":1}},"line":6},"1":{"name":"(anonymous_1)","decl":{"start":{"line":8,"column":31},"end":{"line":8,"column":32}},"loc":{"start":{"line":8,"column":36},"end":{"line":8,"column":51}},"line":8},"2":{"name":"(anonymous_2)","decl":{"start":{"line":11,"column":24},"end":{"line":11,"column":25}},"loc":{"start":{"line":11,"column":36},"end":{"line":13,"column":1}},"line":11},"3":{"name":"(anonymous_3)","decl":{"start":{"line":15,"column":25},"end":{"line":15,"column":26}},"loc":{"start":{"line":15,"column":37},"end":{"line":17,"column":1}},"line":15},"4":{"name":"(anonymous_4)","decl":{"start":{"line":16,"column":31},"end":{"line":16,"column":32}},"loc":{"start":{"line":16,"column":40},"end":{"line":16,"column":58}},"line":16},"5":{"name":"(anonymous_5)","decl":{"start":{"line":19,"column":25},"end":{"line":19,"column":26}},"loc":{"start":{"line":19,"column":49},"end":{"line":25,"column":1}},"line":19},"6":{"name":"(anonymous_6)","decl":{"start":{"line":27,"column":22},"end":{"line":27,"column":23}},"loc":{"start":{"line":27,"column":46},"end":{"line":33,"column":1}},"line":27},"7":{"name":"(anonymous_7)","decl":{"start":{"line":29,"column":18},"end":{"line":29,"column":19}},"loc":{"start":{"line":29,"column":28},"end":{"line":31,"column":3}},"line":29}},"branchMap":{"0":{"loc":{"start":{"line":21,"column":2},"end":{"line":23,"column":3}},"type":"if","locations":[{"start":{"line":21,"column":2},"end":{"line":23,"column":3}},{"start":{},"end":{}}],"line":21}},"s":{"0":1,"1":1,"2":1,"3":1,"4":1,"5":1,"6":4,"7":1,"8":1,"9":1,"10":16,"11":64,"12":1,"13":0,"14":0,"15":0,"16":0,"17":1,"18":0,"19":0,"20":0,"21":0},"f":{"0":1,"1":4,"2":1,"3":16,"4":64,"5":0,"6":0,"7":0},"b":{"0":[0,0]},"_coverageSchema":"1a1c01bbd47fc00a2c39e90264f33305004495a9","hash":"5a7b3c120c080da91ce258095295a3ea0dde471a"}
,"/Users/nathalieluna/web-dev/recipe-box/daos/recipe.js": {"path":"/Users/nathalieluna/web-dev/recipe-box/daos/recipe.js","statementMap":{},"fnMap":{},"branchMap":{},"s":{},"f":{},"b":{},"_coverageSchema":"1a1c01bbd47fc00a2c39e90264f33305004495a9","hash":"505b009a0e27d2799725a867d29e10e118ede220"}
,"/Users/nathalieluna/web-dev/recipe-box/daos/token.js": {"path":"/Users/nathalieluna/web-dev/recipe-box/daos/token.js","statementMap":{"0":{"start":{"line":1,"column":14},"end":{"line":1,"column":40}},"1":{"start":{"line":2,"column":13},"end":{"line":2,"column":28}},"2":{"start":{"line":4,"column":0},"end":{"line":4,"column":20}},"3":{"start":{"line":7,"column":0},"end":{"line":15,"column":1}},"4":{"start":{"line":10,"column":18},"end":{"line":10,"column":27}},"5":{"start":{"line":13,"column":21},"end":{"line":13,"column":56}},"6":{"start":{"line":14,"column":4},"end":{"line":14,"column":26}},"7":{"start":{"line":18,"column":0},"end":{"line":25,"column":1}},"8":{"start":{"line":21,"column":23},"end":{"line":21,"column":51}},"9":{"start":{"line":24,"column":4},"end":{"line":24,"column":29}},"10":{"start":{"line":28,"column":0},"end":{"line":30,"column":1}},"11":{"start":{"line":29,"column":4},"end":{"line":29,"column":42}}},"fnMap":{"0":{"name":"(anonymous_0)","decl":{"start":{"line":7,"column":36},"end":{"line":7,"column":37}},"loc":{"start":{"line":7,"column":54},"end":{"line":15,"column":1}},"line":7},"1":{"name":"(anonymous_1)","decl":{"start":{"line":18,"column":36},"end":{"line":18,"column":37}},"loc":{"start":{"line":18,"column":53},"end":{"line":25,"column":1}},"line":18},"2":{"name":"(anonymous_2)","decl":{"start":{"line":28,"column":29},"end":{"line":28,"column":30}},"loc":{"start":{"line":28,"column":46},"end":{"line":30,"column":1}},"line":28}},"branchMap":{},"s":{"0":1,"1":1,"2":1,"3":1,"4":10,"5":10,"6":10,"7":1,"8":0,"9":0,"10":1,"11":0},"f":{"0":10,"1":0,"2":0},"b":{},"_coverageSchema":"1a1c01bbd47fc00a2c39e90264f33305004495a9","hash":"efa78de4639c36c267087ed26b4f6b577fc63e3f"}
,"/Users/nathalieluna/web-dev/recipe-box/daos/user.js": {"path":"/Users/nathalieluna/web-dev/recipe-box/daos/user.js","statementMap":{"0":{"start":{"line":1,"column":13},"end":{"line":1,"column":38}},"1":{"start":{"line":3,"column":0},"end":{"line":3,"column":20}},"2":{"start":{"line":6,"column":0},"end":{"line":8,"column":1}},"3":{"start":{"line":7,"column":4},"end":{"line":7,"column":38}},"4":{"start":{"line":11,"column":0},"end":{"line":13,"column":1}},"5":{"start":{"line":12,"column":4},"end":{"line":12,"column":46}},"6":{"start":{"line":16,"column":0},"end":{"line":18,"column":1}},"7":{"start":{"line":17,"column":4},"end":{"line":17,"column":53}},"8":{"start":{"line":21,"column":0},"end":{"line":23,"column":1}},"9":{"start":{"line":22,"column":4},"end":{"line":22,"column":54}}},"fnMap":{"0":{"name":"(anonymous_0)","decl":{"start":{"line":6,"column":28},"end":{"line":6,"column":29}},"loc":{"start":{"line":6,"column":47},"end":{"line":8,"column":1}},"line":6},"1":{"name":"(anonymous_1)","decl":{"start":{"line":11,"column":25},"end":{"line":11,"column":26}},"loc":{"start":{"line":11,"column":42},"end":{"line":13,"column":1}},"line":11},"2":{"name":"(anonymous_2)","decl":{"start":{"line":16,"column":36},"end":{"line":16,"column":37}},"loc":{"start":{"line":16,"column":63},"end":{"line":18,"column":1}},"line":16},"3":{"name":"(anonymous_3)","decl":{"start":{"line":21,"column":28},"end":{"line":21,"column":29}},"loc":{"start":{"line":21,"column":46},"end":{"line":23,"column":1}},"line":21}},"branchMap":{},"s":{"0":1,"1":1,"2":1,"3":10,"4":1,"5":20,"6":1,"7":0,"8":1,"9":0},"f":{"0":10,"1":20,"2":0,"3":0},"b":{},"_coverageSchema":"1a1c01bbd47fc00a2c39e90264f33305004495a9","hash":"668d53fa21ca74b8d840b06b52a17815a9ff8c6b"}
,"/Users/nathalieluna/web-dev/recipe-box/models/ingredient.js": {"path":"/Users/nathalieluna/web-dev/recipe-box/models/ingredient.js","statementMap":{"0":{"start":{"line":1,"column":17},"end":{"line":1,"column":36}},"1":{"start":{"line":3,"column":25},"end":{"line":6,"column":2}},"2":{"start":{"line":9,"column":0},"end":{"line":9,"column":64}}},"fnMap":{},"branchMap":{},"s":{"0":1,"1":1,"2":1},"f":{},"b":{},"_coverageSchema":"1a1c01bbd47fc00a2c39e90264f33305004495a9","hash":"a1dd6189d0a5f0d4c9756ed40c10c2e681c8a615"}
,"/Users/nathalieluna/web-dev/recipe-box/models/recipe.js": {"path":"/Users/nathalieluna/web-dev/recipe-box/models/recipe.js","statementMap":{"0":{"start":{"line":1,"column":17},"end":{"line":1,"column":36}},"1":{"start":{"line":3,"column":21},"end":{"line":9,"column":2}},"2":{"start":{"line":17,"column":0},"end":{"line":17,"column":56}}},"fnMap":{},"branchMap":{},"s":{"0":1,"1":1,"2":1},"f":{},"b":{},"_coverageSchema":"1a1c01bbd47fc00a2c39e90264f33305004495a9","hash":"29ecc9a96ba2c3cf52279c2911c6d280065b643c"}
,"/Users/nathalieluna/web-dev/recipe-box/models/token.js": {"path":"/Users/nathalieluna/web-dev/recipe-box/models/token.js","statementMap":{"0":{"start":{"line":1,"column":17},"end":{"line":1,"column":36}},"1":{"start":{"line":3,"column":20},"end":{"line":6,"column":2}},"2":{"start":{"line":9,"column":0},"end":{"line":9,"column":54}}},"fnMap":{},"branchMap":{},"s":{"0":1,"1":1,"2":1},"f":{},"b":{},"_coverageSchema":"1a1c01bbd47fc00a2c39e90264f33305004495a9","hash":"bd567df5e824da6b3f6825b3b67a1bb3e90455fd"}
,"/Users/nathalieluna/web-dev/recipe-box/models/user.js": {"path":"/Users/nathalieluna/web-dev/recipe-box/models/user.js","statementMap":{"0":{"start":{"line":1,"column":17},"end":{"line":1,"column":36}},"1":{"start":{"line":3,"column":19},"end":{"line":9,"column":2}},"2":{"start":{"line":17,"column":0},"end":{"line":17,"column":52}}},"fnMap":{},"branchMap":{},"s":{"0":1,"1":1,"2":1},"f":{},"b":{},"_coverageSchema":"1a1c01bbd47fc00a2c39e90264f33305004495a9","hash":"6a6551c3cd75e5dd81e7c59878dd897411fa302f"}
,"/Users/nathalieluna/web-dev/recipe-box/routes/index.js": {"path":"/Users/nathalieluna/web-dev/recipe-box/routes/index.js","statementMap":{"0":{"start":{"line":1,"column":19},"end":{"line":1,"column":37}},"1":{"start":{"line":2,"column":15},"end":{"line":2,"column":23}},"2":{"start":{"line":5,"column":0},"end":{"line":5,"column":41}},"3":{"start":{"line":8,"column":0},"end":{"line":8,"column":45}},"4":{"start":{"line":11,"column":0},"end":{"line":15,"column":5}},"5":{"start":{"line":12,"column":4},"end":{"line":12,"column":34}},"6":{"start":{"line":13,"column":4},"end":{"line":13,"column":18}},"7":{"start":{"line":14,"column":4},"end":{"line":14,"column":21}},"8":{"start":{"line":16,"column":0},"end":{"line":16,"column":24}}},"fnMap":{"0":{"name":"(anonymous_0)","decl":{"start":{"line":11,"column":11},"end":{"line":11,"column":12}},"loc":{"start":{"line":11,"column":41},"end":{"line":15,"column":3}},"line":11}},"branchMap":{"0":{"loc":{"start":{"line":12,"column":15},"end":{"line":12,"column":32}},"type":"binary-expr","locations":[{"start":{"line":12,"column":15},"end":{"line":12,"column":25}},{"start":{"line":12,"column":29},"end":{"line":12,"column":32}}],"line":12}},"s":{"0":1,"1":1,"2":1,"3":1,"4":1,"5":0,"6":0,"7":0,"8":1},"f":{"0":0},"b":{"0":[0,0]},"_coverageSchema":"1a1c01bbd47fc00a2c39e90264f33305004495a9","hash":"ddb2a90423b0568297fd28fb8e5d2fa4a2931aec"}
,"/Users/nathalieluna/web-dev/recipe-box/routes/login.js": {"path":"/Users/nathalieluna/web-dev/recipe-box/routes/login.js","statementMap":{"0":{"start":{"line":1,"column":19},"end":{"line":1,"column":37}},"1":{"start":{"line":2,"column":15},"end":{"line":2,"column":23}},"2":{"start":{"line":3,"column":15},"end":{"line":3,"column":32}},"3":{"start":{"line":4,"column":40},"end":{"line":4,"column":63}},"4":{"start":{"line":5,"column":16},"end":{"line":5,"column":39}},"5":{"start":{"line":6,"column":17},"end":{"line":6,"column":41}},"6":{"start":{"line":12,"column":0},"end":{"line":45,"column":3}},"7":{"start":{"line":14,"column":30},"end":{"line":14,"column":38}},"8":{"start":{"line":17,"column":4},"end":{"line":44,"column":5}},"9":{"start":{"line":18,"column":8},"end":{"line":18,"column":51}},"10":{"start":{"line":20,"column":32},"end":{"line":20,"column":60}},"11":{"start":{"line":23,"column":8},"end":{"line":43,"column":9}},"12":{"start":{"line":24,"column":12},"end":{"line":24,"column":58}},"13":{"start":{"line":27,"column":15},"end":{"line":43,"column":9}},"14":{"start":{"line":28,"column":12},"end":{"line":28,"column":66}},"15":{"start":{"line":32,"column":31},"end":{"line":32,"column":33}},"16":{"start":{"line":35,"column":12},"end":{"line":42,"column":15}},"17":{"start":{"line":36,"column":37},"end":{"line":36,"column":139}},"18":{"start":{"line":37,"column":16},"end":{"line":41,"column":17}},"19":{"start":{"line":38,"column":20},"end":{"line":38,"column":40}},"20":{"start":{"line":40,"column":20},"end":{"line":40,"column":40}},"21":{"start":{"line":52,"column":0},"end":{"line":83,"column":3}},"22":{"start":{"line":54,"column":23},"end":{"line":54,"column":37}},"23":{"start":{"line":55,"column":17},"end":{"line":55,"column":50}},"24":{"start":{"line":58,"column":26},"end":{"line":58,"column":43}},"25":{"start":{"line":61,"column":4},"end":{"line":82,"column":5}},"26":{"start":{"line":62,"column":8},"end":{"line":62,"column":71}},"27":{"start":{"line":65,"column":11},"end":{"line":82,"column":5}},"28":{"start":{"line":66,"column":8},"end":{"line":66,"column":53}},"29":{"start":{"line":70,"column":22},"end":{"line":70,"column":72}},"30":{"start":{"line":73,"column":8},"end":{"line":81,"column":9}},"31":{"start":{"line":74,"column":12},"end":{"line":74,"column":59}},"32":{"start":{"line":78,"column":26},"end":{"line":78,"column":71}},"33":{"start":{"line":79,"column":12},"end":{"line":79,"column":46}},"34":{"start":{"line":80,"column":12},"end":{"line":80,"column":42}},"35":{"start":{"line":88,"column":0},"end":{"line":113,"column":3}},"36":{"start":{"line":90,"column":24},"end":{"line":90,"column":41}},"37":{"start":{"line":92,"column":4},"end":{"line":112,"column":5}},"38":{"start":{"line":93,"column":8},"end":{"line":93,"column":57}},"39":{"start":{"line":96,"column":27},"end":{"line":96,"column":29}},"40":{"start":{"line":97,"column":8},"end":{"line":111,"column":11}},"41":{"start":{"line":98,"column":12},"end":{"line":110,"column":15}},"42":{"start":{"line":99,"column":16},"end":{"line":109,"column":17}},"43":{"start":{"line":101,"column":44},"end":{"line":101,"column":98}},"44":{"start":{"line":102,"column":20},"end":{"line":106,"column":21}},"45":{"start":{"line":103,"column":24},"end":{"line":103,"column":44}},"46":{"start":{"line":105,"column":24},"end":{"line":105,"column":44}},"47":{"start":{"line":108,"column":20},"end":{"line":108,"column":54}},"48":{"start":{"line":118,"column":0},"end":{"line":126,"column":3}},"49":{"start":{"line":119,"column":21},"end":{"line":119,"column":46}},"50":{"start":{"line":120,"column":25},"end":{"line":120,"column":61}},"51":{"start":{"line":121,"column":4},"end":{"line":125,"column":5}},"52":{"start":{"line":122,"column":8},"end":{"line":122,"column":43}},"53":{"start":{"line":124,"column":8},"end":{"line":124,"column":28}},"54":{"start":{"line":131,"column":0},"end":{"line":145,"column":3}},"55":{"start":{"line":132,"column":4},"end":{"line":144,"column":5}},"56":{"start":{"line":134,"column":21},"end":{"line":134,"column":61}},"57":{"start":{"line":136,"column":28},"end":{"line":136,"column":62}},"58":{"start":{"line":137,"column":8},"end":{"line":141,"column":9}},"59":{"start":{"line":138,"column":12},"end":{"line":138,"column":46}},"60":{"start":{"line":140,"column":12},"end":{"line":140,"column":59}},"61":{"start":{"line":143,"column":8},"end":{"line":143,"column":16}},"62":{"start":{"line":147,"column":0},"end":{"line":147,"column":24}}},"fnMap":{"0":{"name":"(anonymous_0)","decl":{"start":{"line":12,"column":23},"end":{"line":12,"column":24}},"loc":{"start":{"line":12,"column":49},"end":{"line":45,"column":1}},"line":12},"1":{"name":"(anonymous_1)","decl":{"start":{"line":35,"column":51},"end":{"line":35,"column":52}},"loc":{"start":{"line":35,"column":72},"end":{"line":42,"column":13}},"line":35},"2":{"name":"(anonymous_2)","decl":{"start":{"line":52,"column":16},"end":{"line":52,"column":17}},"loc":{"start":{"line":52,"column":42},"end":{"line":83,"column":1}},"line":52},"3":{"name":"(anonymous_3)","decl":{"start":{"line":88,"column":41},"end":{"line":88,"column":42}},"loc":{"start":{"line":88,"column":67},"end":{"line":113,"column":1}},"line":88},"4":{"name":"(anonymous_4)","decl":{"start":{"line":97,"column":35},"end":{"line":97,"column":36}},"loc":{"start":{"line":97,"column":56},"end":{"line":111,"column":9}},"line":97},"5":{"name":"(anonymous_5)","decl":{"start":{"line":98,"column":43},"end":{"line":98,"column":44}},"loc":{"start":{"line":98,"column":70},"end":{"line":110,"column":13}},"line":98},"6":{"name":"(anonymous_6)","decl":{"start":{"line":118,"column":40},"end":{"line":118,"column":41}},"loc":{"start":{"line":118,"column":66},"end":{"line":126,"column":1}},"line":118},"7":{"name":"(anonymous_7)","decl":{"start":{"line":131,"column":57},"end":{"line":131,"column":58}},"loc":{"start":{"line":131,"column":83},"end":{"line":145,"column":1}},"line":131}},"branchMap":{"0":{"loc":{"start":{"line":17,"column":4},"end":{"line":44,"column":5}},"type":"if","locations":[{"start":{"line":17,"column":4},"end":{"line":44,"column":5}},{"start":{"line":19,"column":11},"end":{"line":44,"column":5}}],"line":17},"1":{"loc":{"start":{"line":17,"column":8},"end":{"line":17,"column":48}},"type":"binary-expr","locations":[{"start":{"line":17,"column":8},"end":{"line":17,"column":14}},{"start":{"line":17,"column":18},"end":{"line":17,"column":35}},{"start":{"line":17,"column":39},"end":{"line":17,"column":48}}],"line":17},"2":{"loc":{"start":{"line":23,"column":8},"end":{"line":43,"column":9}},"type":"if","locations":[{"start":{"line":23,"column":8},"end":{"line":43,"column":9}},{"start":{"line":27,"column":15},"end":{"line":43,"column":9}}],"line":23},"3":{"loc":{"start":{"line":23,"column":12},"end":{"line":23,"column":60}},"type":"binary-expr","locations":[{"start":{"line":23,"column":12},"end":{"line":23,"column":21}},{"start":{"line":23,"column":25},"end":{"line":23,"column":44}},{"start":{"line":23,"column":48},"end":{"line":23,"column":60}}],"line":23},"4":{"loc":{"start":{"line":27,"column":15},"end":{"line":43,"column":9}},"type":"if","locations":[{"start":{"line":27,"column":15},"end":{"line":43,"column":9}},{"start":{"line":31,"column":15},"end":{"line":43,"column":9}}],"line":27},"5":{"loc":{"start":{"line":37,"column":16},"end":{"line":41,"column":17}},"type":"if","locations":[{"start":{"line":37,"column":16},"end":{"line":41,"column":17}},{"start":{"line":39,"column":23},"end":{"line":41,"column":17}}],"line":37},"6":{"loc":{"start":{"line":61,"column":4},"end":{"line":82,"column":5}},"type":"if","locations":[{"start":{"line":61,"column":4},"end":{"line":82,"column":5}},{"start":{"line":65,"column":11},"end":{"line":82,"column":5}}],"line":61},"7":{"loc":{"start":{"line":65,"column":11},"end":{"line":82,"column":5}},"type":"if","locations":[{"start":{"line":65,"column":11},"end":{"line":82,"column":5}},{"start":{"line":69,"column":11},"end":{"line":82,"column":5}}],"line":65},"8":{"loc":{"start":{"line":65,"column":15},"end":{"line":65,"column":84}},"type":"binary-expr","locations":[{"start":{"line":65,"column":15},"end":{"line":65,"column":29}},{"start":{"line":65,"column":33},"end":{"line":65,"column":60}},{"start":{"line":65,"column":64},"end":{"line":65,"column":84}}],"line":65},"9":{"loc":{"start":{"line":73,"column":8},"end":{"line":81,"column":9}},"type":"if","locations":[{"start":{"line":73,"column":8},"end":{"line":81,"column":9}},{"start":{"line":77,"column":15},"end":{"line":81,"column":9}}],"line":73},"10":{"loc":{"start":{"line":92,"column":4},"end":{"line":112,"column":5}},"type":"if","locations":[{"start":{"line":92,"column":4},"end":{"line":112,"column":5}},{"start":{"line":94,"column":11},"end":{"line":112,"column":5}}],"line":92},"11":{"loc":{"start":{"line":92,"column":8},"end":{"line":92,"column":39}},"type":"binary-expr","locations":[{"start":{"line":92,"column":8},"end":{"line":92,"column":20}},{"start":{"line":92,"column":24},"end":{"line":92,"column":39}}],"line":92},"12":{"loc":{"start":{"line":102,"column":20},"end":{"line":106,"column":21}},"type":"if","locations":[{"start":{"line":102,"column":20},"end":{"line":106,"column":21}},{"start":{"line":104,"column":27},"end":{"line":106,"column":21}}],"line":102},"13":{"loc":{"start":{"line":121,"column":4},"end":{"line":125,"column":5}},"type":"if","locations":[{"start":{"line":121,"column":4},"end":{"line":125,"column":5}},{"start":{"line":123,"column":11},"end":{"line":125,"column":5}}],"line":121},"14":{"loc":{"start":{"line":137,"column":8},"end":{"line":141,"column":9}},"type":"if","locations":[{"start":{"line":137,"column":8},"end":{"line":141,"column":9}},{"start":{"line":139,"column":15},"end":{"line":141,"column":9}}],"line":137}},"s":{"0":1,"1":1,"2":1,"3":1,"4":1,"5":1,"6":1,"7":10,"8":10,"9":0,"10":10,"11":10,"12":0,"13":10,"14":0,"15":10,"16":10,"17":10,"18":10,"19":10,"20":0,"21":1,"22":10,"23":10,"24":10,"25":10,"26":0,"27":10,"28":0,"29":10,"30":10,"31":0,"32":10,"33":10,"34":10,"35":1,"36":0,"37":0,"38":0,"39":0,"40":0,"41":0,"42":0,"43":0,"44":0,"45":0,"46":0,"47":0,"48":1,"49":0,"50":0,"51":0,"52":0,"53":0,"54":1,"55":0,"56":0,"57":0,"58":0,"59":0,"60":0,"61":0,"62":1},"f":{"0":10,"1":10,"2":10,"3":0,"4":0,"5":0,"6":0,"7":0},"b":{"0":[0,10],"1":[10,10,10],"2":[0,10],"3":[10,10,10],"4":[0,10],"5":[10,0],"6":[0,10],"7":[0,10],"8":[10,10,10],"9":[0,10],"10":[0,0],"11":[0,0],"12":[0,0],"13":[0,0],"14":[0,0]},"_coverageSchema":"1a1c01bbd47fc00a2c39e90264f33305004495a9","hash":"1cc399d220339699abe45846b75fb4bf83cc5012"}
,"/Users/nathalieluna/web-dev/recipe-box/routes/middleware.js": {"path":"/Users/nathalieluna/web-dev/recipe-box/routes/middleware.js","statementMap":{"0":{"start":{"line":1,"column":17},"end":{"line":1,"column":41}},"1":{"start":{"line":2,"column":16},"end":{"line":2,"column":39}},"2":{"start":{"line":6,"column":4},"end":{"line":38,"column":5}},"3":{"start":{"line":9,"column":23},"end":{"line":9,"column":48}},"4":{"start":{"line":12,"column":4},"end":{"line":35,"column":5}},"5":{"start":{"line":13,"column":8},"end":{"line":13,"column":47}},"6":{"start":{"line":17,"column":8},"end":{"line":17,"column":42}},"7":{"start":{"line":20,"column":8},"end":{"line":34,"column":9}},"8":{"start":{"line":21,"column":12},"end":{"line":21,"column":47}},"9":{"start":{"line":25,"column":12},"end":{"line":25,"column":73}},"10":{"start":{"line":28,"column":12},"end":{"line":33,"column":13}},"11":{"start":{"line":29,"column":16},"end":{"line":29,"column":60}},"12":{"start":{"line":31,"column":16},"end":{"line":31,"column":41}},"13":{"start":{"line":32,"column":16},"end":{"line":32,"column":23}},"14":{"start":{"line":37,"column":8},"end":{"line":37,"column":16}},"15":{"start":{"line":42,"column":4},"end":{"line":57,"column":5}},"16":{"start":{"line":44,"column":21},"end":{"line":44,"column":54}},"17":{"start":{"line":45,"column":28},"end":{"line":45,"column":56}},"18":{"start":{"line":48,"column":8},"end":{"line":53,"column":9}},"19":{"start":{"line":49,"column":12},"end":{"line":49,"column":19}},"20":{"start":{"line":52,"column":12},"end":{"line":52,"column":31}},"21":{"start":{"line":56,"column":8},"end":{"line":56,"column":16}},"22":{"start":{"line":58,"column":4},"end":{"line":58,"column":11}},"23":{"start":{"line":61,"column":0},"end":{"line":61,"column":50}}},"fnMap":{"0":{"name":"isAuthenticated","decl":{"start":{"line":4,"column":15},"end":{"line":4,"column":30}},"loc":{"start":{"line":4,"column":48},"end":{"line":39,"column":1}},"line":4},"1":{"name":"isAuthorized","decl":{"start":{"line":41,"column":15},"end":{"line":41,"column":27}},"loc":{"start":{"line":41,"column":45},"end":{"line":59,"column":1}},"line":41}},"branchMap":{"0":{"loc":{"start":{"line":12,"column":4},"end":{"line":35,"column":5}},"type":"if","locations":[{"start":{"line":12,"column":4},"end":{"line":35,"column":5}},{"start":{"line":15,"column":11},"end":{"line":35,"column":5}}],"line":12},"1":{"loc":{"start":{"line":20,"column":8},"end":{"line":34,"column":9}},"type":"if","locations":[{"start":{"line":20,"column":8},"end":{"line":34,"column":9}},{"start":{"line":23,"column":15},"end":{"line":34,"column":9}}],"line":20},"2":{"loc":{"start":{"line":28,"column":12},"end":{"line":33,"column":13}},"type":"if","locations":[{"start":{"line":28,"column":12},"end":{"line":33,"column":13}},{"start":{"line":30,"column":19},"end":{"line":33,"column":13}}],"line":28},"3":{"loc":{"start":{"line":48,"column":8},"end":{"line":53,"column":9}},"type":"if","locations":[{"start":{"line":48,"column":8},"end":{"line":53,"column":9}},{"start":{"line":51,"column":15},"end":{"line":53,"column":9}}],"line":48}},"s":{"0":1,"1":1,"2":0,"3":0,"4":0,"5":0,"6":0,"7":0,"8":0,"9":0,"10":0,"11":0,"12":0,"13":0,"14":0,"15":0,"16":0,"17":0,"18":0,"19":0,"20":0,"21":0,"22":0,"23":1},"f":{"0":0,"1":0},"b":{"0":[0,0],"1":[0,0],"2":[0,0],"3":[0,0]},"_coverageSchema":"1a1c01bbd47fc00a2c39e90264f33305004495a9","hash":"a50179f9c145cc28b6eb7233cd632b4e12f0626e"}
,"/Users/nathalieluna/web-dev/recipe-box/routes/recipes.js": {"path":"/Users/nathalieluna/web-dev/recipe-box/routes/recipes.js","statementMap":{"0":{"start":{"line":1,"column":19},"end":{"line":1,"column":37}},"1":{"start":{"line":2,"column":15},"end":{"line":2,"column":23}},"2":{"start":{"line":3,"column":40},"end":{"line":3,"column":63}},"3":{"start":{"line":4,"column":16},"end":{"line":4,"column":39}},"4":{"start":{"line":5,"column":18},"end":{"line":5,"column":43}},"5":{"start":{"line":70,"column":0},"end":{"line":70,"column":24}}},"fnMap":{},"branchMap":{},"s":{"0":1,"1":1,"2":1,"3":1,"4":1,"5":1},"f":{},"b":{},"_coverageSchema":"1a1c01bbd47fc00a2c39e90264f33305004495a9","hash":"53ce1de083b3202de87bf834438d7cb1802f1491"}
}
