TN:
SF:server.js
FNF:0
FNH:0
DA:1,1
DA:3,1
DA:5,1
DA:6,1
DA:8,1
DA:10,1
LF:6
LH:6
BRF:0
BRH:0
end_of_record
TN:
SF:test-utils.js
FN:6,(anonymous_0)
FN:8,(anonymous_1)
FN:11,(anonymous_2)
FN:15,(anonymous_3)
FN:16,(anonymous_4)
FN:19,(anonymous_5)
FN:27,(anonymous_6)
FN:29,(anonymous_7)
FNF:8
FNH:5
FNDA:1,(anonymous_0)
FNDA:2,(anonymous_1)
FNDA:1,(anonymous_2)
FNDA:19,(anonymous_3)
FNDA:38,(anonymous_4)
FNDA:0,(anonymous_5)
FNDA:0,(anonymous_6)
FNDA:0,(anonymous_7)
DA:1,1
DA:2,1
DA:4,1
DA:6,1
DA:7,1
DA:8,2
DA:11,1
DA:12,1
DA:15,1
DA:16,38
DA:19,1
DA:20,0
DA:21,0
DA:22,0
DA:24,0
DA:27,1
DA:28,0
DA:29,0
DA:30,0
DA:32,0
LF:20
LH:12
BRDA:21,0,0,0
BRDA:21,0,1,0
BRF:2
BRH:0
end_of_record
TN:
SF:daos/recipe.js
FNF:0
FNH:0
LF:0
LH:0
BRF:0
BRH:0
end_of_record
TN:
SF:daos/token.js
FN:7,(anonymous_0)
FN:18,(anonymous_1)
FN:28,(anonymous_2)
FNF:3
FNH:3
FNDA:12,(anonymous_0)
FNDA:5,(anonymous_1)
FNDA:1,(anonymous_2)
DA:1,1
DA:2,1
DA:4,1
DA:7,1
DA:10,12
DA:13,12
DA:14,12
DA:18,1
DA:21,5
DA:24,5
DA:28,1
DA:29,1
LF:12
LH:12
BRF:0
BRH:0
end_of_record
TN:
SF:daos/user.js
FN:6,(anonymous_0)
FN:11,(anonymous_1)
FN:16,(anonymous_2)
FN:21,(anonymous_3)
FNF:4
FNH:4
FNDA:17,(anonymous_0)
FNDA:39,(anonymous_1)
FNDA:1,(anonymous_2)
FNDA:2,(anonymous_3)
DA:1,1
DA:3,1
DA:6,1
DA:7,17
DA:11,1
DA:12,39
DA:16,1
DA:17,1
DA:21,1
DA:22,2
LF:10
LH:10
BRF:0
BRH:0
end_of_record
TN:
SF:models/token.js
FNF:0
FNH:0
DA:1,1
DA:3,1
DA:9,1
LF:3
LH:3
BRF:0
BRH:0
end_of_record
TN:
SF:models/user.js
FNF:0
FNH:0
DA:1,1
DA:3,1
DA:17,1
LF:3
LH:3
BRF:0
BRH:0
end_of_record
TN:
SF:routes/index.js
FN:11,(anonymous_0)
FNF:1
FNH:1
FNDA:1,(anonymous_0)
DA:1,1
DA:2,1
DA:5,1
DA:8,1
DA:11,1
DA:12,1
DA:13,1
DA:14,0
DA:16,1
LF:9
LH:8
BRDA:12,0,0,1
BRDA:12,0,1,1
BRF:2
BRH:2
end_of_record
TN:
SF:routes/login.js
FN:12,(anonymous_0)
FN:35,(anonymous_1)
FN:52,(anonymous_2)
FN:88,(anonymous_3)
FN:97,(anonymous_4)
FN:98,(anonymous_5)
FN:118,(anonymous_6)
FN:131,(anonymous_7)
FNF:8
FNH:8
FNDA:20,(anonymous_0)
FNDA:17,(anonymous_1)
FNDA:16,(anonymous_2)
FNDA:2,(anonymous_3)
FNDA:1,(anonymous_4)
FNDA:1,(anonymous_5)
FNDA:1,(anonymous_6)
FNDA:2,(anonymous_7)
DA:1,1
DA:2,1
DA:3,1
DA:4,1
DA:5,1
DA:6,1
DA:12,1
DA:14,20
DA:17,20
DA:18,1
DA:20,19
DA:23,19
DA:24,1
DA:27,18
DA:28,1
DA:32,17
DA:35,17
DA:36,17
DA:37,17
DA:38,17
DA:40,0
DA:52,1
DA:54,16
DA:55,16
DA:58,16
DA:61,16
DA:62,1
DA:65,15
DA:66,1
DA:70,14
DA:73,14
DA:74,2
DA:78,12
DA:79,12
DA:80,12
DA:88,1
DA:90,2
DA:92,2
DA:93,1
DA:96,1
DA:97,1
DA:98,1
DA:99,1
DA:101,1
DA:102,1
DA:103,1
DA:105,0
DA:108,0
DA:118,1
DA:119,1
DA:120,1
DA:121,1
DA:122,1
DA:124,0
DA:131,1
DA:132,2
DA:134,2
DA:136,2
DA:137,2
DA:138,1
DA:140,1
DA:143,2
DA:147,1
LF:63
LH:59
BRDA:17,0,0,1
BRDA:17,0,1,19
BRDA:17,1,0,20
BRDA:17,1,1,19
BRDA:17,1,2,19
BRDA:23,2,0,1
BRDA:23,2,1,18
BRDA:23,3,0,19
BRDA:23,3,1,18
BRDA:23,3,2,18
BRDA:27,4,0,1
BRDA:27,4,1,17
BRDA:37,5,0,17
BRDA:37,5,1,0
BRDA:61,6,0,1
BRDA:61,6,1,15
BRDA:65,7,0,1
BRDA:65,7,1,14
BRDA:65,8,0,15
BRDA:65,8,1,14
BRDA:65,8,2,14
BRDA:73,9,0,2
BRDA:73,9,1,12
BRDA:92,10,0,1
BRDA:92,10,1,1
BRDA:92,11,0,2
BRDA:92,11,1,1
BRDA:102,12,0,1
BRDA:102,12,1,0
BRDA:121,13,0,1
BRDA:121,13,1,0
BRDA:137,14,0,1
BRDA:137,14,1,1
BRF:33
BRH:30
end_of_record
TN:
SF:routes/middleware.js
FN:4,isAuthenticated
FN:41,isAuthorized
FNF:2
FNH:2
FNDA:8,isAuthenticated
FNDA:2,isAuthorized
DA:1,1
DA:2,1
DA:6,8
DA:9,8
DA:12,8
DA:13,0
DA:17,8
DA:20,8
DA:21,3
DA:25,5
DA:28,5
DA:29,0
DA:31,5
DA:32,5
DA:37,0
DA:42,2
DA:44,2
DA:45,2
DA:48,2
DA:49,1
DA:52,1
DA:56,0
DA:58,2
DA:61,1
LF:24
LH:20
BRDA:12,0,0,0
BRDA:12,0,1,8
BRDA:20,1,0,3
BRDA:20,1,1,5
BRDA:28,2,0,0
BRDA:28,2,1,5
BRDA:48,3,0,1
BRDA:48,3,1,1
BRF:8
BRH:6
end_of_record
TN:
SF:routes/recipes.js
FNF:0
FNH:0
DA:1,1
DA:2,1
DA:3,1
DA:4,1
DA:5,1
DA:70,1
LF:6
LH:6
BRF:0
BRH:0
end_of_record
