TN:
SF:server.js
FNF:0
FNH:0
DA:1,1
DA:3,1
DA:5,1
DA:6,1
DA:8,1
DA:10,1
LF:6
LH:6
BRF:0
BRH:0
end_of_record
TN:
SF:test-utils.js
FN:6,(anonymous_0)
FN:8,(anonymous_1)
FN:11,(anonymous_2)
FN:15,(anonymous_3)
FN:16,(anonymous_4)
FN:19,(anonymous_5)
FN:27,(anonymous_6)
FN:29,(anonymous_7)
FNF:8
FNH:5
FNDA:1,(anonymous_0)
FNDA:4,(anonymous_1)
FNDA:1,(anonymous_2)
FNDA:16,(anonymous_3)
FNDA:64,(anonymous_4)
FNDA:0,(anonymous_5)
FNDA:0,(anonymous_6)
FNDA:0,(anonymous_7)
DA:1,1
DA:2,1
DA:4,1
DA:6,1
DA:7,1
DA:8,4
DA:11,1
DA:12,1
DA:15,1
DA:16,64
DA:19,1
DA:20,0
DA:21,0
DA:22,0
DA:24,0
DA:27,1
DA:28,0
DA:29,0
DA:30,0
DA:32,0
LF:20
LH:12
BRDA:21,0,0,0
BRDA:21,0,1,0
BRF:2
BRH:0
end_of_record
TN:
SF:daos/recipe.js
FNF:0
FNH:0
LF:0
LH:0
BRF:0
BRH:0
end_of_record
TN:
SF:daos/token.js
FN:7,(anonymous_0)
FN:18,(anonymous_1)
FN:28,(anonymous_2)
FNF:3
FNH:1
FNDA:10,(anonymous_0)
FNDA:0,(anonymous_1)
FNDA:0,(anonymous_2)
DA:1,1
DA:2,1
DA:4,1
DA:7,1
DA:10,10
DA:13,10
DA:14,10
DA:18,1
DA:21,0
DA:24,0
DA:28,1
DA:29,0
LF:12
LH:9
BRF:0
BRH:0
end_of_record
TN:
SF:daos/user.js
FN:6,(anonymous_0)
FN:11,(anonymous_1)
FN:16,(anonymous_2)
FN:21,(anonymous_3)
FNF:4
FNH:2
FNDA:10,(anonymous_0)
FNDA:20,(anonymous_1)
FNDA:0,(anonymous_2)
FNDA:0,(anonymous_3)
DA:1,1
DA:3,1
DA:6,1
DA:7,10
DA:11,1
DA:12,20
DA:16,1
DA:17,0
DA:21,1
DA:22,0
LF:10
LH:8
BRF:0
BRH:0
end_of_record
TN:
SF:models/ingredient.js
FNF:0
FNH:0
DA:1,1
DA:3,1
DA:9,1
LF:3
LH:3
BRF:0
BRH:0
end_of_record
TN:
SF:models/recipe.js
FNF:0
FNH:0
DA:1,1
DA:3,1
DA:17,1
LF:3
LH:3
BRF:0
BRH:0
end_of_record
TN:
SF:models/token.js
FNF:0
FNH:0
DA:1,1
DA:3,1
DA:9,1
LF:3
LH:3
BRF:0
BRH:0
end_of_record
TN:
SF:models/user.js
FNF:0
FNH:0
DA:1,1
DA:3,1
DA:17,1
LF:3
LH:3
BRF:0
BRH:0
end_of_record
TN:
SF:routes/index.js
FN:11,(anonymous_0)
FNF:1
FNH:0
FNDA:0,(anonymous_0)
DA:1,1
DA:2,1
DA:5,1
DA:8,1
DA:11,1
DA:12,0
DA:13,0
DA:14,0
DA:16,1
LF:9
LH:6
BRDA:12,0,0,0
BRDA:12,0,1,0
BRF:2
BRH:0
end_of_record
TN:
SF:routes/login.js
FN:12,(anonymous_0)
FN:35,(anonymous_1)
FN:52,(anonymous_2)
FN:88,(anonymous_3)
FN:97,(anonymous_4)
FN:98,(anonymous_5)
FN:118,(anonymous_6)
FN:131,(anonymous_7)
FNF:8
FNH:3
FNDA:10,(anonymous_0)
FNDA:10,(anonymous_1)
FNDA:10,(anonymous_2)
FNDA:0,(anonymous_3)
FNDA:0,(anonymous_4)
FNDA:0,(anonymous_5)
FNDA:0,(anonymous_6)
FNDA:0,(anonymous_7)
DA:1,1
DA:2,1
DA:3,1
DA:4,1
DA:5,1
DA:6,1
DA:12,1
DA:14,10
DA:17,10
DA:18,0
DA:20,10
DA:23,10
DA:24,0
DA:27,10
DA:28,0
DA:32,10
DA:35,10
DA:36,10
DA:37,10
DA:38,10
DA:40,0
DA:52,1
DA:54,10
DA:55,10
DA:58,10
DA:61,10
DA:62,0
DA:65,10
DA:66,0
DA:70,10
DA:73,10
DA:74,0
DA:78,10
DA:79,10
DA:80,10
DA:88,1
DA:90,0
DA:92,0
DA:93,0
DA:96,0
DA:97,0
DA:98,0
DA:99,0
DA:101,0
DA:102,0
DA:103,0
DA:105,0
DA:108,0
DA:118,1
DA:119,0
DA:120,0
DA:121,0
DA:122,0
DA:124,0
DA:131,1
DA:132,0
DA:134,0
DA:136,0
DA:137,0
DA:138,0
DA:140,0
DA:143,0
DA:147,1
LF:63
LH:32
BRDA:17,0,0,0
BRDA:17,0,1,10
BRDA:17,1,0,10
BRDA:17,1,1,10
BRDA:17,1,2,10
BRDA:23,2,0,0
BRDA:23,2,1,10
BRDA:23,3,0,10
BRDA:23,3,1,10
BRDA:23,3,2,10
BRDA:27,4,0,0
BRDA:27,4,1,10
BRDA:37,5,0,10
BRDA:37,5,1,0
BRDA:61,6,0,0
BRDA:61,6,1,10
BRDA:65,7,0,0
BRDA:65,7,1,10
BRDA:65,8,0,10
BRDA:65,8,1,10
BRDA:65,8,2,10
BRDA:73,9,0,0
BRDA:73,9,1,10
BRDA:92,10,0,0
BRDA:92,10,1,0
BRDA:92,11,0,0
BRDA:92,11,1,0
BRDA:102,12,0,0
BRDA:102,12,1,0
BRDA:121,13,0,0
BRDA:121,13,1,0
BRDA:137,14,0,0
BRDA:137,14,1,0
BRF:33
BRH:16
end_of_record
TN:
SF:routes/middleware.js
FN:4,isAuthenticated
FN:41,isAuthorized
FNF:2
FNH:0
FNDA:0,isAuthenticated
FNDA:0,isAuthorized
DA:1,1
DA:2,1
DA:6,0
DA:9,0
DA:12,0
DA:13,0
DA:17,0
DA:20,0
DA:21,0
DA:25,0
DA:28,0
DA:29,0
DA:31,0
DA:32,0
DA:37,0
DA:42,0
DA:44,0
DA:45,0
DA:48,0
DA:49,0
DA:52,0
DA:56,0
DA:58,0
DA:61,1
LF:24
LH:3
BRDA:12,0,0,0
BRDA:12,0,1,0
BRDA:20,1,0,0
BRDA:20,1,1,0
BRDA:28,2,0,0
BRDA:28,2,1,0
BRDA:48,3,0,0
BRDA:48,3,1,0
BRF:8
BRH:0
end_of_record
TN:
SF:routes/recipes.js
FNF:0
FNH:0
DA:1,1
DA:2,1
DA:3,1
DA:4,1
DA:5,1
DA:70,1
LF:6
LH:6
BRF:0
BRH:0
end_of_record
